Log file open, 09/09/20 13:29:31
LogInit: Display: Running engine for game: MyProject
LogPlatformFile: Not using cached read wrapper
LogTaskGraph: Started task graph with 5 named threads and 14 total threads with 3 sets of task threads.
LogStats: Stats thread started at 0.450157
LogD3D11RHI: Loaded GFSDK_Aftermath_Lib.x64.dll
LogICUInternationalization: ICU TimeZone Detection - Raw Offset: +1:00, Platform Override: ''
LogPluginManager: Mounting plugin Paper2D
LogPluginManager: Mounting plugin AISupport
LogPluginManager: Mounting plugin LightPropagationVolume
LogPluginManager: Mounting plugin CameraShakePreviewer
LogPluginManager: Mounting plugin ActorLayerUtilities
LogPluginManager: Mounting plugin AnimationSharing
LogPluginManager: Mounting plugin CLionSourceCodeAccess
LogPluginManager: Mounting plugin CodeLiteSourceCodeAccess
LogPluginManager: Mounting plugin GitSourceControl
LogPluginManager: Mounting plugin KDevelopSourceCodeAccess
LogPluginManager: Mounting plugin NullSourceCodeAccess
LogPluginManager: Mounting plugin PerforceSourceControl
LogPluginManager: Mounting plugin PlasticSourceControl
LogPluginManager: Mounting plugin RiderSourceCodeAccess
LogPluginManager: Mounting plugin SubversionSourceControl
LogPluginManager: Mounting plugin UObjectPlugin
LogPluginManager: Mounting plugin VisualStudioCodeSourceCodeAccess
LogPluginManager: Mounting plugin VisualStudioSourceCodeAccess
LogPluginManager: Mounting plugin XCodeSourceCodeAccess
LogPluginManager: Mounting plugin AssetManagerEditor
LogPluginManager: Mounting plugin CryptoKeys
LogPluginManager: Mounting plugin CurveEditorTools
LogPluginManager: Mounting plugin DataValidation
LogPluginManager: Mounting plugin EditorScriptingUtilities
LogPluginManager: Mounting plugin FacialAnimation
LogPluginManager: Mounting plugin GameplayTagsEditor
LogPluginManager: Mounting plugin GeometryMode
LogPluginManager: Mounting plugin MacGraphicsSwitching
LogPluginManager: Mounting plugin MaterialAnalyzer
LogPluginManager: Mounting plugin MobileLauncherProfileWizard
LogPluginManager: Mounting plugin PluginBrowser
LogPluginManager: Mounting plugin SpeedTreeImporter
LogPluginManager: Mounting plugin DatasmithContent
LogPluginManager: Mounting plugin VariantManagerContent
LogPluginManager: Mounting plugin AlembicImporter
LogPluginManager: Mounting plugin AutomationUtils
LogPluginManager: Mounting plugin BackChannel
LogPluginManager: Mounting plugin ChaosCloth
LogPluginManager: Mounting plugin ChaosClothEditor
LogPluginManager: Mounting plugin ChaosEditor
LogPluginManager: Mounting plugin ChaosNiagara
LogPluginManager: Mounting plugin ChaosSolverPlugin
LogPluginManager: Mounting plugin CharacterAI
LogPluginManager: Mounting plugin GeometryCache
LogPluginManager: Mounting plugin GeometryCollectionPlugin
LogPluginManager: Mounting plugin GeometryProcessing
LogPluginManager: Mounting plugin PlanarCut
LogPluginManager: Mounting plugin PlatformCrypto
LogPluginManager: Mounting plugin ProxyLODPlugin
LogPluginManager: Mounting plugin SkeletalReduction
LogPluginManager: Mounting plugin Niagara
LogPluginManager: Mounting plugin MagicLeap
LogPluginManager: Mounting plugin MagicLeapLightEstimation
LogPluginManager: Mounting plugin MagicLeapMedia
LogPluginManager: Mounting plugin MagicLeapPassableWorld
LogPluginManager: Mounting plugin MLSDK
LogPluginManager: Mounting plugin AndroidMedia
LogPluginManager: Mounting plugin AvfMedia
LogPluginManager: Mounting plugin ImgMedia
LogPluginManager: Mounting plugin MediaCompositing
LogPluginManager: Mounting plugin MediaPlayerEditor
LogPluginManager: Mounting plugin WebMMedia
LogPluginManager: Mounting plugin WmfMedia
LogPluginManager: Mounting plugin MeshPainting
LogPluginManager: Mounting plugin TcpMessaging
LogPluginManager: Mounting plugin UdpMessaging
LogPluginManager: Mounting plugin ActorSequence
LogPluginManager: Mounting plugin LevelSequenceEditor
LogPluginManager: Mounting plugin MatineeToLevelSequence
LogPluginManager: Mounting plugin MovieRenderPipeline
LogPluginManager: Mounting plugin TemplateSequence
LogPluginManager: Mounting plugin NetcodeUnitTest
LogPluginManager: Mounting plugin NUTUnrealEngine4
LogPluginManager: Mounting plugin OnlineSubsystemGooglePlay
LogPluginManager: Mounting plugin OnlineSubsystemIOS
LogPluginManager: Mounting plugin OnlineSubsystem
LogPluginManager: Mounting plugin OnlineSubsystemNull
LogPluginManager: Mounting plugin OnlineSubsystemUtils
LogPluginManager: Mounting plugin LauncherChunkInstaller
LogPluginManager: Mounting plugin AndroidDeviceProfileSelector
LogPluginManager: Mounting plugin AndroidMoviePlayer
LogPluginManager: Mounting plugin AndroidPermission
LogPluginManager: Mounting plugin AppleImageUtils
LogPluginManager: Mounting plugin AppleMoviePlayer
LogPluginManager: Mounting plugin ArchVisCharacter
LogPluginManager: Mounting plugin AssetTags
LogPluginManager: Mounting plugin AudioCapture
LogPluginManager: Mounting plugin CableComponent
LogPluginManager: Mounting plugin CustomMeshComponent
LogPluginManager: Mounting plugin EditableMesh
LogPluginManager: Mounting plugin ExampleDeviceProfileSelector
LogPluginManager: Mounting plugin GoogleCloudMessaging
LogPluginManager: Mounting plugin GooglePAD
LogPluginManager: Mounting plugin IOSDeviceProfileSelector
LogPluginManager: Mounting plugin LinuxDeviceProfileSelector
LogPluginManager: Mounting plugin LocationServicesBPLibrary
LogPluginManager: Mounting plugin MobilePatchingUtils
LogPluginManager: Mounting plugin OculusVR
LogPluginManager: Mounting plugin PhysXVehicles
LogPluginManager: Mounting plugin PostSplashScreen
LogPluginManager: Mounting plugin ProceduralMeshComponent
LogPluginManager: Mounting plugin RuntimePhysXCooking
LogPluginManager: Mounting plugin SignificanceManager
LogPluginManager: Mounting plugin SoundFields
LogPluginManager: Mounting plugin SteamVR
LogPluginManager: Mounting plugin Synthesis
LogPluginManager: Mounting plugin WebMMoviePlayer
LogPluginManager: Mounting plugin WindowsMoviePlayer
LogPluginManager: Mounting plugin ScreenshotTools
LogInit: Using libcurl 7.55.1-DEV
LogInit:  - built for x86_64-pc-win32
LogInit:  - supports SSL with OpenSSL/1.1.1
LogInit:  - supports HTTP deflate (compression) using libz 1.2.8
LogInit:  - other features:
LogInit:      CURL_VERSION_SSL
LogInit:      CURL_VERSION_LIBZ
LogInit:      CURL_VERSION_IPV6
LogInit:      CURL_VERSION_ASYNCHDNS
LogInit:      CURL_VERSION_LARGEFILE
LogInit:      CURL_VERSION_IDN
LogInit:  CurlRequestOptions (configurable via config and command line):
LogInit:  - bVerifyPeer = true  - Libcurl will verify peer certificate
LogInit:  - bUseHttpProxy = false  - Libcurl will NOT use HTTP proxy
LogInit:  - bDontReuseConnections = false  - Libcurl will reuse connections
LogInit:  - MaxHostConnections = 16  - Libcurl will limit the number of connections to a host
LogInit:  - LocalHostAddr = Default
LogInit:  - BufferSize = 65536
LogOnline: OSS: Creating online subsystem instance for: NULL
LogInit: WinSock: version 1.1 (2.2), MaxSocks=32767, MaxUdp=65467
LogOnline: OSS: TryLoadSubsystemAndSetDefault: Loaded subsystem for module [NULL]
LogInit: Build: ++UE4+Release-4.25-CL-13942748
LogInit: Engine Version: 4.25.3-13942748+++UE4+Release-4.25
LogInit: Compatible Engine Version: 4.25.0-13144385+++UE4+Release-4.25
LogInit: Net CL: 13144385
LogInit: OS: Windows 10 (Release 1903) (), CPU: Intel(R) Core(TM) i5-7400 CPU @ 3.00GHz, GPU: NVIDIA GeForce GTX 1060 3GB
LogInit: Compiled (64-bit): Jul 25 2020 02:07:48
LogInit: Compiled with Visual C++: 19.24.28315.00
LogInit: Build Configuration: Development
LogInit: Branch Name: ++UE4+Release-4.25
LogInit: Command Line: 
LogInit: Base Directory: D:/Unreal/UE_4.25/Engine/Binaries/Win64/
LogInit: Allocator: TBB
LogInit: Installed Engine Build: 1
LogDevObjectVersion: Number of dev versions registered: 26
LogDevObjectVersion:   Dev-Blueprints (B0D832E4-1F89-4F0D-ACCF-7EB736FD4AA2): 10
LogDevObjectVersion:   Dev-Build (E1C64328-A22C-4D53-A36C-8E866417BD8C): 0
LogDevObjectVersion:   Dev-Core (375EC13C-06E4-48FB-B500-84F0262A717E): 4
LogDevObjectVersion:   Dev-Editor (E4B068ED-F494-42E9-A231-DA0B2E46BB41): 38
LogDevObjectVersion:   Dev-Framework (CFFC743F-43B0-4480-9391-14DF171D2073): 37
LogDevObjectVersion:   Dev-Mobile (B02B49B5-BB20-44E9-A304-32B752E40360): 2
LogDevObjectVersion:   Dev-Networking (A4E4105C-59A1-49B5-A7C5-40C4547EDFEE): 0
LogDevObjectVersion:   Dev-Online (39C831C9-5AE6-47DC-9A44-9C173E1C8E7C): 0
LogDevObjectVersion:   Dev-Physics (78F01B33-EBEA-4F98-B9B4-84EACCB95AA2): 4
LogDevObjectVersion:   Dev-Platform (6631380F-2D4D-43E0-8009-CF276956A95A): 0
LogDevObjectVersion:   Dev-Rendering (12F88B9F-8875-4AFC-A67C-D90C383ABD29): 43
LogDevObjectVersion:   Dev-Sequencer (7B5AE74C-D270-4C10-A958-57980B212A5A): 12
LogDevObjectVersion:   Dev-VR (D7296918-1DD6-4BDD-9DE2-64A83CC13884): 3
LogDevObjectVersion:   Dev-LoadTimes (C2A15278-BFE7-4AFE-6C17-90FF531DF755): 1
LogDevObjectVersion:   Private-Geometry (6EACA3D4-40EC-4CC1-B786-8BED09428FC5): 3
LogDevObjectVersion:   Dev-AnimPhys (29E575DD-E0A3-4627-9D10-D276232CDCEA): 17
LogDevObjectVersion:   Dev-Anim (AF43A65D-7FD3-4947-9873-3E8ED9C1BB05): 7
LogDevObjectVersion:   Dev-ReflectionCapture (6B266CEC-1EC7-4B8F-A30B-E4D90942FC07): 1
LogDevObjectVersion:   Dev-Automation (0DF73D61-A23F-47EA-B727-89E90C41499A): 1
LogDevObjectVersion:   FortniteMain (601D1886-AC64-4F84-AA16-D3DE0DEAC7D6): 31
LogDevObjectVersion:   Dev-Enterprise (9DFFBCD6-494F-0158-E221-12823C92A888): 10
LogDevObjectVersion:   Dev-Niagara (F2AED0AC-9AFE-416F-8664-AA7FFA26D6FC): 1
LogDevObjectVersion:   Dev-Destruction (174F1F0B-B4C6-45A5-B13F-2EE8D0FB917D): 10
LogDevObjectVersion:   Dev-Physics-Ext (35F94A83-E258-406C-A318-09F59610247C): 37
LogDevObjectVersion:   Dev-PhysicsMaterial-Chaos (B68FC16E-8B1B-42E2-B453-215C058844FE): 1
LogDevObjectVersion:   Dev-CineCamera (B2E18506-4273-CFC2-A54E-F4BB758BBA07): 1
LogInit: Presizing for max 25165824 objects, including 0 objects not considered by GC, pre-allocating 0 bytes for permanent pool.
LogConfig: Applying CVar settings from Section [/Script/Engine.StreamingSettings] File [D:/Fork/EcoSim-Week-3-Prodject/MyProject/Saved/Config/Windows/Engine.ini]
LogConfig: Setting CVar [[s.MinBulkDataSizeForAsyncLoading:131072]]
LogConfig: Setting CVar [[s.AsyncLoadingThreadEnabled:0]]
LogConfig: Setting CVar [[s.EventDrivenLoaderEnabled:1]]
LogConfig: Setting CVar [[s.WarnIfTimeLimitExceeded:0]]
LogConfig: Setting CVar [[s.TimeLimitExceededMultiplier:1.5]]
LogConfig: Setting CVar [[s.TimeLimitExceededMinTime:0.005]]
LogConfig: Setting CVar [[s.UseBackgroundLevelStreaming:1]]
LogConfig: Setting CVar [[s.PriorityAsyncLoadingExtraTime:15.0]]
LogConfig: Setting CVar [[s.LevelStreamingActorsUpdateTimeLimit:5.0]]
LogConfig: Setting CVar [[s.PriorityLevelStreamingActorsUpdateExtraTime:5.0]]
LogConfig: Setting CVar [[s.LevelStreamingComponentsRegistrationGranularity:10]]
LogConfig: Setting CVar [[s.UnregisterComponentsTimeLimit:1.0]]
LogConfig: Setting CVar [[s.LevelStreamingComponentsUnregistrationGranularity:5]]
LogConfig: Setting CVar [[s.FlushStreamingOnExit:1]]
LogInit: Object subsystem initialized
LogConfig: Setting CVar [[con.DebugEarlyDefault:1]]
LogConfig: Setting CVar [[r.setres:1280x720]]
[2020.09.09-11.29.33:161][  0]LogConfig: Setting CVar [[r.VSync:0]]
[2020.09.09-11.29.33:161][  0]LogConfig: Setting CVar [[r.RHICmdBypass:0]]
[2020.09.09-11.29.33:161][  0]LogConfig: Applying CVar settings from Section [/Script/Engine.RendererSettings] File [D:/Fork/EcoSim-Week-3-Prodject/MyProject/Saved/Config/Windows/Engine.ini]
[2020.09.09-11.29.33:161][  0]LogConfig: Setting CVar [[r.GPUCrashDebugging:0]]
[2020.09.09-11.29.33:161][  0]LogConfig: Applying CVar settings from Section [/Script/Engine.RendererOverrideSettings] File [D:/Fork/EcoSim-Week-3-Prodject/MyProject/Saved/Config/Windows/Engine.ini]
[2020.09.09-11.29.33:161][  0]LogConfig: Applying CVar settings from Section [/Script/Engine.StreamingSettings] File [D:/Fork/EcoSim-Week-3-Prodject/MyProject/Saved/Config/Windows/Engine.ini]
[2020.09.09-11.29.33:161][  0]LogConfig: Setting CVar [[s.MinBulkDataSizeForAsyncLoading:131072]]
[2020.09.09-11.29.33:161][  0]LogConfig: Setting CVar [[s.AsyncLoadingThreadEnabled:0]]
[2020.09.09-11.29.33:161][  0]LogConfig: Setting CVar [[s.EventDrivenLoaderEnabled:1]]
[2020.09.09-11.29.33:161][  0]LogConfig: Setting CVar [[s.WarnIfTimeLimitExceeded:0]]
[2020.09.09-11.29.33:161][  0]LogConfig: Setting CVar [[s.TimeLimitExceededMultiplier:1.5]]
[2020.09.09-11.29.33:161][  0]LogConfig: Setting CVar [[s.TimeLimitExceededMinTime:0.005]]
[2020.09.09-11.29.33:161][  0]LogConfig: Setting CVar [[s.UseBackgroundLevelStreaming:1]]
[2020.09.09-11.29.33:161][  0]LogConfig: Setting CVar [[s.PriorityAsyncLoadingExtraTime:15.0]]
[2020.09.09-11.29.33:161][  0]LogConfig: Setting CVar [[s.LevelStreamingActorsUpdateTimeLimit:5.0]]
[2020.09.09-11.29.33:161][  0]LogConfig: Setting CVar [[s.PriorityLevelStreamingActorsUpdateExtraTime:5.0]]
[2020.09.09-11.29.33:161][  0]LogConfig: Setting CVar [[s.LevelStreamingComponentsRegistrationGranularity:10]]
[2020.09.09-11.29.33:161][  0]LogConfig: Setting CVar [[s.UnregisterComponentsTimeLimit:1.0]]
[2020.09.09-11.29.33:161][  0]LogConfig: Setting CVar [[s.LevelStreamingComponentsUnregistrationGranularity:5]]
[2020.09.09-11.29.33:161][  0]LogConfig: Setting CVar [[s.FlushStreamingOnExit:1]]
[2020.09.09-11.29.33:161][  0]LogConfig: Applying CVar settings from Section [/Script/Engine.GarbageCollectionSettings] File [D:/Fork/EcoSim-Week-3-Prodject/MyProject/Saved/Config/Windows/Engine.ini]
[2020.09.09-11.29.33:161][  0]LogConfig: Setting CVar [[gc.MaxObjectsNotConsideredByGC:1]]
[2020.09.09-11.29.33:161][  0]LogConfig: Setting CVar [[gc.SizeOfPermanentObjectPool:0]]
[2020.09.09-11.29.33:161][  0]LogConfig: Setting CVar [[gc.FlushStreamingOnGC:0]]
[2020.09.09-11.29.33:161][  0]LogConfig: Setting CVar [[gc.NumRetriesBeforeForcingGC:10]]
[2020.09.09-11.29.33:161][  0]LogConfig: Setting CVar [[gc.AllowParallelGC:1]]
[2020.09.09-11.29.33:161][  0]LogConfig: Setting CVar [[gc.TimeBetweenPurgingPendingKillObjects:61.1]]
[2020.09.09-11.29.33:161][  0]LogConfig: Setting CVar [[gc.MaxObjectsInEditor:25165824]]
[2020.09.09-11.29.33:161][  0]LogConfig: Setting CVar [[gc.IncrementalBeginDestroyEnabled:1]]
[2020.09.09-11.29.33:161][  0]LogConfig: Setting CVar [[gc.CreateGCClusters:1]]
[2020.09.09-11.29.33:161][  0]LogConfig: Setting CVar [[gc.MinGCClusterSize:5]]
[2020.09.09-11.29.33:161][  0]LogConfig: Setting CVar [[gc.ActorClusteringEnabled:0]]
[2020.09.09-11.29.33:161][  0]LogConfig: Setting CVar [[gc.BlueprintClusteringEnabled:0]]
[2020.09.09-11.29.33:162][  0]LogConfig: Setting CVar [[gc.UseDisregardForGCOnDedicatedServers:0]]
[2020.09.09-11.29.33:162][  0]LogConfig: Applying CVar settings from Section [/Script/Engine.NetworkSettings] File [D:/Fork/EcoSim-Week-3-Prodject/MyProject/Saved/Config/Windows/Engine.ini]
[2020.09.09-11.29.33:162][  0]LogConfig: Applying CVar settings from Section [/Script/UnrealEd.CookerSettings] File [D:/Fork/EcoSim-Week-3-Prodject/MyProject/Saved/Config/Windows/Engine.ini]
[2020.09.09-11.29.33:169][  0]LogConfig: Applying CVar settings from Section [ViewDistanceQuality@3] File [D:/Fork/EcoSim-Week-3-Prodject/MyProject/Saved/Config/Windows/Scalability.ini]
[2020.09.09-11.29.33:169][  0]LogConfig: Setting CVar [[r.SkeletalMeshLODBias:0]]
[2020.09.09-11.29.33:169][  0]LogConfig: Setting CVar [[r.ViewDistanceScale:1.0]]
[2020.09.09-11.29.33:169][  0]LogConfig: Applying CVar settings from Section [AntiAliasingQuality@3] File [D:/Fork/EcoSim-Week-3-Prodject/MyProject/Saved/Config/Windows/Scalability.ini]
[2020.09.09-11.29.33:169][  0]LogConfig: Setting CVar [[r.PostProcessAAQuality:4]]
[2020.09.09-11.29.33:169][  0]LogConfig: Applying CVar settings from Section [ShadowQuality@3] File [D:/Fork/EcoSim-Week-3-Prodject/MyProject/Saved/Config/Windows/Scalability.ini]
[2020.09.09-11.29.33:169][  0]LogConfig: Setting CVar [[r.LightFunctionQuality:1]]
[2020.09.09-11.29.33:169][  0]LogConfig: Setting CVar [[r.ShadowQuality:5]]
[2020.09.09-11.29.33:169][  0]LogConfig: Setting CVar [[r.Shadow.CSM.MaxCascades:10]]
[2020.09.09-11.29.33:169][  0]LogConfig: Setting CVar [[r.Shadow.MaxResolution:2048]]
[2020.09.09-11.29.33:169][  0]LogConfig: Setting CVar [[r.Shadow.MaxCSMResolution:2048]]
[2020.09.09-11.29.33:169][  0]LogConfig: Setting CVar [[r.Shadow.RadiusThreshold:0.01]]
[2020.09.09-11.29.33:169][  0]LogConfig: Setting CVar [[r.Shadow.DistanceScale:1.0]]
[2020.09.09-11.29.33:169][  0]LogConfig: Setting CVar [[r.Shadow.CSM.TransitionScale:1.0]]
[2020.09.09-11.29.33:169][  0]LogConfig: Setting CVar [[r.Shadow.PreShadowResolutionFactor:1.0]]
[2020.09.09-11.29.33:169][  0]LogConfig: Setting CVar [[r.DistanceFieldShadowing:1]]
[2020.09.09-11.29.33:169][  0]LogConfig: Setting CVar [[r.DistanceFieldAO:1]]
[2020.09.09-11.29.33:169][  0]LogConfig: Setting CVar [[r.AOQuality:2]]
[2020.09.09-11.29.33:169][  0]LogConfig: Setting CVar [[r.VolumetricFog:1]]
[2020.09.09-11.29.33:169][  0]LogConfig: Setting CVar [[r.VolumetricFog.GridPixelSize:8]]
[2020.09.09-11.29.33:170][  0]LogConfig: Setting CVar [[r.VolumetricFog.GridSizeZ:128]]
[2020.09.09-11.29.33:170][  0]LogConfig: Setting CVar [[r.VolumetricFog.HistoryMissSupersampleCount:4]]
[2020.09.09-11.29.33:170][  0]LogConfig: Setting CVar [[r.LightMaxDrawDistanceScale:1]]
[2020.09.09-11.29.33:170][  0]LogConfig: Setting CVar [[r.CapsuleShadows:1]]
[2020.09.09-11.29.33:170][  0]LogConfig: Applying CVar settings from Section [PostProcessQuality@3] File [D:/Fork/EcoSim-Week-3-Prodject/MyProject/Saved/Config/Windows/Scalability.ini]
[2020.09.09-11.29.33:170][  0]LogConfig: Setting CVar [[r.MotionBlurQuality:4]]
[2020.09.09-11.29.33:170][  0]LogConfig: Setting CVar [[r.AmbientOcclusionMipLevelFactor:0.4]]
[2020.09.09-11.29.33:170][  0]LogConfig: Setting CVar [[r.AmbientOcclusionMaxQuality:100]]
[2020.09.09-11.29.33:170][  0]LogConfig: Setting CVar [[r.AmbientOcclusionLevels:-1]]
[2020.09.09-11.29.33:170][  0]LogConfig: Setting CVar [[r.AmbientOcclusionRadiusScale:1.0]]
[2020.09.09-11.29.33:170][  0]LogConfig: Setting CVar [[r.DepthOfFieldQuality:2]]
[2020.09.09-11.29.33:170][  0]LogConfig: Setting CVar [[r.RenderTargetPoolMin:400]]
[2020.09.09-11.29.33:170][  0]LogConfig: Setting CVar [[r.LensFlareQuality:2]]
[2020.09.09-11.29.33:170][  0]LogConfig: Setting CVar [[r.SceneColorFringeQuality:1]]
[2020.09.09-11.29.33:170][  0]LogConfig: Setting CVar [[r.EyeAdaptationQuality:2]]
[2020.09.09-11.29.33:170][  0]LogConfig: Setting CVar [[r.BloomQuality:5]]
[2020.09.09-11.29.33:170][  0]LogConfig: Setting CVar [[r.FastBlurThreshold:100]]
[2020.09.09-11.29.33:170][  0]LogConfig: Setting CVar [[r.Upscale.Quality:3]]
[2020.09.09-11.29.33:170][  0]LogConfig: Setting CVar [[r.Tonemapper.GrainQuantization:1]]
[2020.09.09-11.29.33:170][  0]LogConfig: Setting CVar [[r.LightShaftQuality:1]]
[2020.09.09-11.29.33:170][  0]LogConfig: Setting CVar [[r.Filter.SizeScale:1]]
[2020.09.09-11.29.33:170][  0]LogConfig: Setting CVar [[r.Tonemapper.Quality:5]]
[2020.09.09-11.29.33:170][  0]LogConfig: Setting CVar [[r.DOF.Gather.AccumulatorQuality:1        ; higher gathering accumulator quality]]
[2020.09.09-11.29.33:170][  0]LogConfig: Setting CVar [[r.DOF.Gather.PostfilterMethod:1          ; Median3x3 postfilering method]]
[2020.09.09-11.29.33:170][  0]LogConfig: Setting CVar [[r.DOF.Gather.EnableBokehSettings:0       ; no bokeh simulation when gathering]]
[2020.09.09-11.29.33:170][  0]LogConfig: Setting CVar [[r.DOF.Gather.RingCount:4                 ; medium number of samples when gathering]]
[2020.09.09-11.29.33:170][  0]LogConfig: Setting CVar [[r.DOF.Scatter.ForegroundCompositing:1    ; additive foreground scattering]]
[2020.09.09-11.29.33:170][  0]LogConfig: Setting CVar [[r.DOF.Scatter.BackgroundCompositing:2    ; additive background scattering]]
[2020.09.09-11.29.33:170][  0]LogConfig: Setting CVar [[r.DOF.Scatter.EnableBokehSettings:1      ; bokeh simulation when scattering]]
[2020.09.09-11.29.33:170][  0]LogConfig: Setting CVar [[r.DOF.Scatter.MaxSpriteRatio:0.1         ; only a maximum of 10% of scattered bokeh]]
[2020.09.09-11.29.33:170][  0]LogConfig: Setting CVar [[r.DOF.Recombine.Quality:1                ; cheap slight out of focus]]
[2020.09.09-11.29.33:170][  0]LogConfig: Setting CVar [[r.DOF.Recombine.EnableBokehSettings:0    ; no bokeh simulation on slight out of focus]]
[2020.09.09-11.29.33:170][  0]LogConfig: Setting CVar [[r.DOF.TemporalAAQuality:1                ; more stable temporal accumulation]]
[2020.09.09-11.29.33:170][  0]LogConfig: Setting CVar [[r.DOF.Kernel.MaxForegroundRadius:0.025]]
[2020.09.09-11.29.33:170][  0]LogConfig: Setting CVar [[r.DOF.Kernel.MaxBackgroundRadius:0.025]]
[2020.09.09-11.29.33:170][  0]LogConfig: Applying CVar settings from Section [TextureQuality@3] File [D:/Fork/EcoSim-Week-3-Prodject/MyProject/Saved/Config/Windows/Scalability.ini]
[2020.09.09-11.29.33:170][  0]LogConfig: Setting CVar [[r.Streaming.MipBias:0]]
[2020.09.09-11.29.33:170][  0]LogConfig: Setting CVar [[r.Streaming.AmortizeCPUToGPUCopy:0]]
[2020.09.09-11.29.33:170][  0]LogConfig: Setting CVar [[r.Streaming.MaxNumTexturesToStreamPerFrame:0]]
[2020.09.09-11.29.33:170][  0]LogConfig: Setting CVar [[r.Streaming.Boost:1]]
[2020.09.09-11.29.33:170][  0]LogConfig: Setting CVar [[r.MaxAnisotropy:8]]
[2020.09.09-11.29.33:170][  0]LogConfig: Setting CVar [[r.VT.MaxAnisotropy:8]]
[2020.09.09-11.29.33:170][  0]LogConfig: Setting CVar [[r.Streaming.LimitPoolSizeToVRAM:0]]
[2020.09.09-11.29.33:170][  0]LogConfig: Setting CVar [[r.Streaming.PoolSize:1000]]
[2020.09.09-11.29.33:170][  0]LogConfig: Setting CVar [[r.Streaming.MaxEffectiveScreenSize:0]]
[2020.09.09-11.29.33:170][  0]LogConfig: Applying CVar settings from Section [EffectsQuality@3] File [D:/Fork/EcoSim-Week-3-Prodject/MyProject/Saved/Config/Windows/Scalability.ini]
[2020.09.09-11.29.33:170][  0]LogConfig: Setting CVar [[r.TranslucencyLightingVolumeDim:64]]
[2020.09.09-11.29.33:170][  0]LogConfig: Setting CVar [[r.RefractionQuality:2]]
[2020.09.09-11.29.33:170][  0]LogConfig: Setting CVar [[r.SSR.Quality:3]]
[2020.09.09-11.29.33:170][  0]LogConfig: Setting CVar [[r.SSR.HalfResSceneColor:0]]
[2020.09.09-11.29.33:170][  0]LogConfig: Setting CVar [[r.SceneColorFormat:4]]
[2020.09.09-11.29.33:170][  0]LogConfig: Setting CVar [[r.DetailMode:2]]
[2020.09.09-11.29.33:170][  0]LogConfig: Setting CVar [[r.TranslucencyVolumeBlur:1]]
[2020.09.09-11.29.33:170][  0]LogConfig: Setting CVar [[r.MaterialQualityLevel:1 ; High quality]]
[2020.09.09-11.29.33:170][  0]LogConfig: Setting CVar [[r.SSS.Scale:1]]
[2020.09.09-11.29.33:170][  0]LogConfig: Setting CVar [[r.SSS.SampleSet:2]]
[2020.09.09-11.29.33:170][  0]LogConfig: Setting CVar [[r.SSS.Quality:1]]
[2020.09.09-11.29.33:170][  0]LogConfig: Setting CVar [[r.SSS.HalfRes:0]]
[2020.09.09-11.29.33:170][  0]LogConfig: Setting CVar [[r.SSGI.Quality:3]]
[2020.09.09-11.29.33:170][  0]LogConfig: Setting CVar [[r.EmitterSpawnRateScale:1.0]]
[2020.09.09-11.29.33:170][  0]LogConfig: Setting CVar [[r.ParticleLightQuality:2]]
[2020.09.09-11.29.33:170][  0]LogConfig: Setting CVar [[r.SkyAtmosphere.AerialPerspectiveLUT.FastApplyOnOpaque:1 ; Always have FastSkyLUT 1 in this case to avoid wrong sky]]
[2020.09.09-11.29.33:171][  0]LogConfig: Setting CVar [[r.SkyAtmosphere.AerialPerspectiveLUT.SampleCountPerSlice:1]]
[2020.09.09-11.29.33:171][  0]LogConfig: Setting CVar [[r.SkyAtmosphere.AerialPerspectiveLUT.DepthResolution:16.0]]
[2020.09.09-11.29.33:171][  0]LogConfig: Setting CVar [[r.SkyAtmosphere.FastSkyLUT:1]]
[2020.09.09-11.29.33:171][  0]LogConfig: Setting CVar [[r.SkyAtmosphere.FastSkyLUT.SampleCountMin:4.0]]
[2020.09.09-11.29.33:171][  0]LogConfig: Setting CVar [[r.SkyAtmosphere.FastSkyLUT.SampleCountMax:32.0]]
[2020.09.09-11.29.33:171][  0]LogConfig: Setting CVar [[r.SkyAtmosphere.SampleCountMin:4.0]]
[2020.09.09-11.29.33:171][  0]LogConfig: Setting CVar [[r.SkyAtmosphere.SampleCountMax:32.0]]
[2020.09.09-11.29.33:171][  0]LogConfig: Setting CVar [[r.SkyAtmosphere.TransmittanceLUT.UseSmallFormat:0]]
[2020.09.09-11.29.33:171][  0]LogConfig: Setting CVar [[r.SkyAtmosphere.TransmittanceLUT.SampleCount:10.0]]
[2020.09.09-11.29.33:171][  0]LogConfig: Setting CVar [[r.SkyAtmosphere.MultiScatteringLUT.SampleCount:15.0]]
[2020.09.09-11.29.33:171][  0]LogConfig: Applying CVar settings from Section [FoliageQuality@3] File [D:/Fork/EcoSim-Week-3-Prodject/MyProject/Saved/Config/Windows/Scalability.ini]
[2020.09.09-11.29.33:171][  0]LogConfig: Setting CVar [[foliage.DensityScale:1.0]]
[2020.09.09-11.29.33:171][  0]LogConfig: Setting CVar [[grass.DensityScale:1.0]]
[2020.09.09-11.29.33:171][  0]LogConfig: Applying CVar settings from Section [ShadingQuality@3] File [D:/Fork/EcoSim-Week-3-Prodject/MyProject/Saved/Config/Windows/Scalability.ini]
[2020.09.09-11.29.33:171][  0]LogConfig: Setting CVar [[r.HairStrands.SkyLighting.SampleCount:16]]
[2020.09.09-11.29.33:171][  0]LogConfig: Setting CVar [[r.HairStrands.SkyLighting.JitterIntegration:0]]
[2020.09.09-11.29.33:171][  0]LogConfig: Setting CVar [[r.HairStrands.SkyAO.SampleCount:16]]
[2020.09.09-11.29.33:171][  0]LogConfig: Setting CVar [[r.HairStrands.DeepShadow.SuperSampling:0]]
[2020.09.09-11.29.33:171][  0]LogConfig: Setting CVar [[r.HairStrands.VisibilityPPLL:0]]
[2020.09.09-11.29.33:171][  0]LogConfig: Setting CVar [[r.HairStrands.RasterizationScale:0.5]]
[2020.09.09-11.29.33:171][  0]LogConfig: Setting CVar [[r.HairStrands.VelocityRasterizationScale:1]]
[2020.09.09-11.29.33:171][  0]LogInit: Selected Device Profile: [Windows]
[2020.09.09-11.29.33:171][  0]LogInit: Applying CVar settings loaded from the selected device profile: [Windows]
[2020.09.09-11.29.33:171][  0]LogHAL: Display: Platform has ~ 16 GB [17117532160 / 17179869184 / 16], which maps to Larger [LargestMinGB=32, LargerMinGB=12, DefaultMinGB=8, SmallerMinGB=6, SmallestMinGB=0)
[2020.09.09-11.29.33:171][  0]LogInit: Going up to parent DeviceProfile []
[2020.09.09-11.29.33:171][  0]LogConfig: Applying CVar settings from Section [ViewDistanceQuality@3] File [D:/Fork/EcoSim-Week-3-Prodject/MyProject/Saved/Config/Windows/Scalability.ini]
[2020.09.09-11.29.33:171][  0]LogConfig: Setting CVar [[r.SkeletalMeshLODBias:0]]
[2020.09.09-11.29.33:171][  0]LogConfig: Setting CVar [[r.ViewDistanceScale:1.0]]
[2020.09.09-11.29.33:171][  0]LogConfig: Applying CVar settings from Section [AntiAliasingQuality@3] File [D:/Fork/EcoSim-Week-3-Prodject/MyProject/Saved/Config/Windows/Scalability.ini]
[2020.09.09-11.29.33:171][  0]LogConfig: Setting CVar [[r.PostProcessAAQuality:4]]
[2020.09.09-11.29.33:171][  0]LogConfig: Applying CVar settings from Section [ShadowQuality@3] File [D:/Fork/EcoSim-Week-3-Prodject/MyProject/Saved/Config/Windows/Scalability.ini]
[2020.09.09-11.29.33:171][  0]LogConfig: Setting CVar [[r.LightFunctionQuality:1]]
[2020.09.09-11.29.33:171][  0]LogConfig: Setting CVar [[r.ShadowQuality:5]]
[2020.09.09-11.29.33:171][  0]LogConfig: Setting CVar [[r.Shadow.CSM.MaxCascades:10]]
[2020.09.09-11.29.33:171][  0]LogConfig: Setting CVar [[r.Shadow.MaxResolution:2048]]
[2020.09.09-11.29.33:171][  0]LogConfig: Setting CVar [[r.Shadow.MaxCSMResolution:2048]]
[2020.09.09-11.29.33:171][  0]LogConfig: Setting CVar [[r.Shadow.RadiusThreshold:0.01]]
[2020.09.09-11.29.33:171][  0]LogConfig: Setting CVar [[r.Shadow.DistanceScale:1.0]]
[2020.09.09-11.29.33:171][  0]LogConfig: Setting CVar [[r.Shadow.CSM.TransitionScale:1.0]]
[2020.09.09-11.29.33:171][  0]LogConfig: Setting CVar [[r.Shadow.PreShadowResolutionFactor:1.0]]
[2020.09.09-11.29.33:171][  0]LogConfig: Setting CVar [[r.DistanceFieldShadowing:1]]
[2020.09.09-11.29.33:171][  0]LogConfig: Setting CVar [[r.DistanceFieldAO:1]]
[2020.09.09-11.29.33:171][  0]LogConfig: Setting CVar [[r.AOQuality:2]]
[2020.09.09-11.29.33:171][  0]LogConfig: Setting CVar [[r.VolumetricFog:1]]
[2020.09.09-11.29.33:171][  0]LogConfig: Setting CVar [[r.VolumetricFog.GridPixelSize:8]]
[2020.09.09-11.29.33:171][  0]LogConfig: Setting CVar [[r.VolumetricFog.GridSizeZ:128]]
[2020.09.09-11.29.33:171][  0]LogConfig: Setting CVar [[r.VolumetricFog.HistoryMissSupersampleCount:4]]
[2020.09.09-11.29.33:171][  0]LogConfig: Setting CVar [[r.LightMaxDrawDistanceScale:1]]
[2020.09.09-11.29.33:171][  0]LogConfig: Setting CVar [[r.CapsuleShadows:1]]
[2020.09.09-11.29.33:171][  0]LogConfig: Applying CVar settings from Section [PostProcessQuality@3] File [D:/Fork/EcoSim-Week-3-Prodject/MyProject/Saved/Config/Windows/Scalability.ini]
[2020.09.09-11.29.33:172][  0]LogConfig: Setting CVar [[r.MotionBlurQuality:4]]
[2020.09.09-11.29.33:172][  0]LogConfig: Setting CVar [[r.AmbientOcclusionMipLevelFactor:0.4]]
[2020.09.09-11.29.33:172][  0]LogConfig: Setting CVar [[r.AmbientOcclusionMaxQuality:100]]
[2020.09.09-11.29.33:172][  0]LogConfig: Setting CVar [[r.AmbientOcclusionLevels:-1]]
[2020.09.09-11.29.33:172][  0]LogConfig: Setting CVar [[r.AmbientOcclusionRadiusScale:1.0]]
[2020.09.09-11.29.33:172][  0]LogConfig: Setting CVar [[r.DepthOfFieldQuality:2]]
[2020.09.09-11.29.33:172][  0]LogConfig: Setting CVar [[r.RenderTargetPoolMin:400]]
[2020.09.09-11.29.33:172][  0]LogConfig: Setting CVar [[r.LensFlareQuality:2]]
[2020.09.09-11.29.33:172][  0]LogConfig: Setting CVar [[r.SceneColorFringeQuality:1]]
[2020.09.09-11.29.33:172][  0]LogConfig: Setting CVar [[r.EyeAdaptationQuality:2]]
[2020.09.09-11.29.33:172][  0]LogConfig: Setting CVar [[r.BloomQuality:5]]
[2020.09.09-11.29.33:172][  0]LogConfig: Setting CVar [[r.FastBlurThreshold:100]]
[2020.09.09-11.29.33:172][  0]LogConfig: Setting CVar [[r.Upscale.Quality:3]]
[2020.09.09-11.29.33:172][  0]LogConfig: Setting CVar [[r.Tonemapper.GrainQuantization:1]]
[2020.09.09-11.29.33:172][  0]LogConfig: Setting CVar [[r.LightShaftQuality:1]]
[2020.09.09-11.29.33:172][  0]LogConfig: Setting CVar [[r.Filter.SizeScale:1]]
[2020.09.09-11.29.33:172][  0]LogConfig: Setting CVar [[r.Tonemapper.Quality:5]]
[2020.09.09-11.29.33:172][  0]LogConfig: Setting CVar [[r.DOF.Gather.AccumulatorQuality:1        ; higher gathering accumulator quality]]
[2020.09.09-11.29.33:172][  0]LogConfig: Setting CVar [[r.DOF.Gather.PostfilterMethod:1          ; Median3x3 postfilering method]]
[2020.09.09-11.29.33:172][  0]LogConfig: Setting CVar [[r.DOF.Gather.EnableBokehSettings:0       ; no bokeh simulation when gathering]]
[2020.09.09-11.29.33:172][  0]LogConfig: Setting CVar [[r.DOF.Gather.RingCount:4                 ; medium number of samples when gathering]]
[2020.09.09-11.29.33:172][  0]LogConfig: Setting CVar [[r.DOF.Scatter.ForegroundCompositing:1    ; additive foreground scattering]]
[2020.09.09-11.29.33:172][  0]LogConfig: Setting CVar [[r.DOF.Scatter.BackgroundCompositing:2    ; additive background scattering]]
[2020.09.09-11.29.33:172][  0]LogConfig: Setting CVar [[r.DOF.Scatter.EnableBokehSettings:1      ; bokeh simulation when scattering]]
[2020.09.09-11.29.33:172][  0]LogConfig: Setting CVar [[r.DOF.Scatter.MaxSpriteRatio:0.1         ; only a maximum of 10% of scattered bokeh]]
[2020.09.09-11.29.33:172][  0]LogConfig: Setting CVar [[r.DOF.Recombine.Quality:1                ; cheap slight out of focus]]
[2020.09.09-11.29.33:172][  0]LogConfig: Setting CVar [[r.DOF.Recombine.EnableBokehSettings:0    ; no bokeh simulation on slight out of focus]]
[2020.09.09-11.29.33:172][  0]LogConfig: Setting CVar [[r.DOF.TemporalAAQuality:1                ; more stable temporal accumulation]]
[2020.09.09-11.29.33:172][  0]LogConfig: Setting CVar [[r.DOF.Kernel.MaxForegroundRadius:0.025]]
[2020.09.09-11.29.33:172][  0]LogConfig: Setting CVar [[r.DOF.Kernel.MaxBackgroundRadius:0.025]]
[2020.09.09-11.29.33:172][  0]LogConfig: Applying CVar settings from Section [TextureQuality@3] File [D:/Fork/EcoSim-Week-3-Prodject/MyProject/Saved/Config/Windows/Scalability.ini]
[2020.09.09-11.29.33:172][  0]LogConfig: Setting CVar [[r.Streaming.MipBias:0]]
[2020.09.09-11.29.33:172][  0]LogConfig: Setting CVar [[r.Streaming.AmortizeCPUToGPUCopy:0]]
[2020.09.09-11.29.33:172][  0]LogConfig: Setting CVar [[r.Streaming.MaxNumTexturesToStreamPerFrame:0]]
[2020.09.09-11.29.33:172][  0]LogConfig: Setting CVar [[r.Streaming.Boost:1]]
[2020.09.09-11.29.33:172][  0]LogConfig: Setting CVar [[r.MaxAnisotropy:8]]
[2020.09.09-11.29.33:172][  0]LogConfig: Setting CVar [[r.VT.MaxAnisotropy:8]]
[2020.09.09-11.29.33:172][  0]LogConfig: Setting CVar [[r.Streaming.LimitPoolSizeToVRAM:0]]
[2020.09.09-11.29.33:172][  0]LogConfig: Setting CVar [[r.Streaming.PoolSize:1000]]
[2020.09.09-11.29.33:172][  0]LogConfig: Setting CVar [[r.Streaming.MaxEffectiveScreenSize:0]]
[2020.09.09-11.29.33:172][  0]LogConfig: Applying CVar settings from Section [EffectsQuality@3] File [D:/Fork/EcoSim-Week-3-Prodject/MyProject/Saved/Config/Windows/Scalability.ini]
[2020.09.09-11.29.33:172][  0]LogConfig: Setting CVar [[r.TranslucencyLightingVolumeDim:64]]
[2020.09.09-11.29.33:172][  0]LogConfig: Setting CVar [[r.RefractionQuality:2]]
[2020.09.09-11.29.33:172][  0]LogConfig: Setting CVar [[r.SSR.Quality:3]]
[2020.09.09-11.29.33:172][  0]LogConfig: Setting CVar [[r.SSR.HalfResSceneColor:0]]
[2020.09.09-11.29.33:172][  0]LogConfig: Setting CVar [[r.SceneColorFormat:4]]
[2020.09.09-11.29.33:172][  0]LogConfig: Setting CVar [[r.DetailMode:2]]
[2020.09.09-11.29.33:172][  0]LogConfig: Setting CVar [[r.TranslucencyVolumeBlur:1]]
[2020.09.09-11.29.33:172][  0]LogConfig: Setting CVar [[r.MaterialQualityLevel:1 ; High quality]]
[2020.09.09-11.29.33:173][  0]LogConfig: Setting CVar [[r.SSS.Scale:1]]
[2020.09.09-11.29.33:173][  0]LogConfig: Setting CVar [[r.SSS.SampleSet:2]]
[2020.09.09-11.29.33:173][  0]LogConfig: Setting CVar [[r.SSS.Quality:1]]
[2020.09.09-11.29.33:173][  0]LogConfig: Setting CVar [[r.SSS.HalfRes:0]]
[2020.09.09-11.29.33:173][  0]LogConfig: Setting CVar [[r.SSGI.Quality:3]]
[2020.09.09-11.29.33:173][  0]LogConfig: Setting CVar [[r.EmitterSpawnRateScale:1.0]]
[2020.09.09-11.29.33:173][  0]LogConfig: Setting CVar [[r.ParticleLightQuality:2]]
[2020.09.09-11.29.33:173][  0]LogConfig: Setting CVar [[r.SkyAtmosphere.AerialPerspectiveLUT.FastApplyOnOpaque:1 ; Always have FastSkyLUT 1 in this case to avoid wrong sky]]
[2020.09.09-11.29.33:173][  0]LogConfig: Setting CVar [[r.SkyAtmosphere.AerialPerspectiveLUT.SampleCountPerSlice:1]]
[2020.09.09-11.29.33:173][  0]LogConfig: Setting CVar [[r.SkyAtmosphere.AerialPerspectiveLUT.DepthResolution:16.0]]
[2020.09.09-11.29.33:173][  0]LogConfig: Setting CVar [[r.SkyAtmosphere.FastSkyLUT:1]]
[2020.09.09-11.29.33:173][  0]LogConfig: Setting CVar [[r.SkyAtmosphere.FastSkyLUT.SampleCountMin:4.0]]
[2020.09.09-11.29.33:173][  0]LogConfig: Setting CVar [[r.SkyAtmosphere.FastSkyLUT.SampleCountMax:32.0]]
[2020.09.09-11.29.33:173][  0]LogConfig: Setting CVar [[r.SkyAtmosphere.SampleCountMin:4.0]]
[2020.09.09-11.29.33:173][  0]LogConfig: Setting CVar [[r.SkyAtmosphere.SampleCountMax:32.0]]
[2020.09.09-11.29.33:173][  0]LogConfig: Setting CVar [[r.SkyAtmosphere.TransmittanceLUT.UseSmallFormat:0]]
[2020.09.09-11.29.33:173][  0]LogConfig: Setting CVar [[r.SkyAtmosphere.TransmittanceLUT.SampleCount:10.0]]
[2020.09.09-11.29.33:173][  0]LogConfig: Setting CVar [[r.SkyAtmosphere.MultiScatteringLUT.SampleCount:15.0]]
[2020.09.09-11.29.33:173][  0]LogConfig: Applying CVar settings from Section [FoliageQuality@3] File [D:/Fork/EcoSim-Week-3-Prodject/MyProject/Saved/Config/Windows/Scalability.ini]
[2020.09.09-11.29.33:173][  0]LogConfig: Setting CVar [[foliage.DensityScale:1.0]]
[2020.09.09-11.29.33:173][  0]LogConfig: Setting CVar [[grass.DensityScale:1.0]]
[2020.09.09-11.29.33:173][  0]LogConfig: Applying CVar settings from Section [ShadingQuality@3] File [D:/Fork/EcoSim-Week-3-Prodject/MyProject/Saved/Config/Windows/Scalability.ini]
[2020.09.09-11.29.33:173][  0]LogConfig: Setting CVar [[r.HairStrands.SkyLighting.SampleCount:16]]
[2020.09.09-11.29.33:173][  0]LogConfig: Setting CVar [[r.HairStrands.SkyLighting.JitterIntegration:0]]
[2020.09.09-11.29.33:173][  0]LogConfig: Setting CVar [[r.HairStrands.SkyAO.SampleCount:16]]
[2020.09.09-11.29.33:173][  0]LogConfig: Setting CVar [[r.HairStrands.DeepShadow.SuperSampling:0]]
[2020.09.09-11.29.33:173][  0]LogConfig: Setting CVar [[r.HairStrands.VisibilityPPLL:0]]
[2020.09.09-11.29.33:173][  0]LogConfig: Setting CVar [[r.HairStrands.RasterizationScale:0.5]]
[2020.09.09-11.29.33:173][  0]LogConfig: Setting CVar [[r.HairStrands.VelocityRasterizationScale:1]]
[2020.09.09-11.29.33:173][  0]LogConfig: Applying CVar settings from Section [Startup] File [../../../Engine/Config/ConsoleVariables.ini]
[2020.09.09-11.29.33:179][  0]LogConfig: Setting CVar [[net.UseAdaptiveNetUpdateFrequency:0]]
[2020.09.09-11.29.33:180][  0]LogConfig: Setting CVar [[p.chaos.AllowCreatePhysxBodies:1]]
[2020.09.09-11.29.33:180][  0]LogConfig: Setting CVar [[fx.SkipVectorVMBackendOptimizations:1]]
[2020.09.09-11.29.33:180][  0]LogConfig: Applying CVar settings from Section [ConsoleVariables] File [D:/Fork/EcoSim-Week-3-Prodject/MyProject/Saved/Config/Windows/Engine.ini]
[2020.09.09-11.29.33:180][  0]LogInit: Computer: PC13
[2020.09.09-11.29.33:180][  0]LogInit: User: jensun
[2020.09.09-11.29.33:180][  0]LogInit: CPU Page size=4096, Cores=4
[2020.09.09-11.29.33:180][  0]LogInit: High frequency timer resolution =10.000000 MHz
[2020.09.09-11.29.33:180][  0]LogMemory: Memory total: Physical=15.9GB (16GB approx)
[2020.09.09-11.29.33:180][  0]LogMemory: Platform Memory Stats for Windows
[2020.09.09-11.29.33:180][  0]LogMemory: Process Physical Memory: 112.34 MB used, 112.34 MB peak
[2020.09.09-11.29.33:180][  0]LogMemory: Process Virtual Memory: 94.98 MB used, 94.98 MB peak
[2020.09.09-11.29.33:180][  0]LogMemory: Physical Memory: 8518.29 MB used,  7806.26 MB free, 16324.55 MB total
[2020.09.09-11.29.33:180][  0]LogMemory: Virtual Memory: 5126.76 MB used,  134212600.00 MB free, 134217728.00 MB total
[2020.09.09-11.29.33:188][  0]LogWindows: WindowsPlatformFeatures enabled
[2020.09.09-11.29.33:478][  0]LogInit: Physics initialised using underlying interface: PhysX
[2020.09.09-11.29.33:479][  0]LogInit: Using OS detected language (sv-SE).
[2020.09.09-11.29.33:479][  0]LogInit: Using OS detected locale (sv-SE).
[2020.09.09-11.29.33:482][  0]LogTextLocalizationManager: No localization for 'sv-SE' exists, so 'en' will be used for the language.
[2020.09.09-11.29.33:787][  0]LogInit: Setting process to per monitor DPI aware
[2020.09.09-11.29.33:896][  0]LogSlate: New Slate User Created.  User Index 0, Is Virtual User: 0
[2020.09.09-11.29.33:896][  0]LogSlate: Slate User Registered.  User Index 0, Is Virtual User: 0
[2020.09.09-11.29.37:115][  0]LogHMD: Failed to initialize OpenVR with code 110
[2020.09.09-11.29.37:115][  0]LogD3D11RHI: D3D11 min allowed feature level: 11_0
[2020.09.09-11.29.37:115][  0]LogD3D11RHI: D3D11 max allowed feature level: 11_0
[2020.09.09-11.29.37:115][  0]LogD3D11RHI: D3D11 adapters:
[2020.09.09-11.29.37:177][  0]LogD3D11RHI:    0. 'NVIDIA GeForce GTX 1060 3GB' (Feature Level 11_0)
[2020.09.09-11.29.37:177][  0]LogD3D11RHI:       2988/0/8162 MB DedicatedVideo/DedicatedSystem/SharedSystem, Outputs:2, VendorId:0x10de
[2020.09.09-11.29.37:180][  0]LogD3D11RHI:    1. 'Microsoft Basic Render Driver' (Feature Level 11_0)
[2020.09.09-11.29.37:180][  0]LogD3D11RHI:       0/0/8162 MB DedicatedVideo/DedicatedSystem/SharedSystem, Outputs:0, VendorId:0x1414
[2020.09.09-11.29.37:180][  0]LogD3D11RHI: Chosen D3D11 Adapter: 0
[2020.09.09-11.29.37:188][  0]LogD3D11RHI: Creating new Direct3DDevice
[2020.09.09-11.29.37:189][  0]LogD3D11RHI:     GPU DeviceId: 0x1c02 (for the marketing name, search the web for "GPU Device Id")
[2020.09.09-11.29.37:189][  0]LogWindows: EnumDisplayDevices:
[2020.09.09-11.29.37:189][  0]LogWindows:    0. 'NVIDIA GeForce GTX 1060 3GB' (P:0 D:1)
[2020.09.09-11.29.37:189][  0]LogWindows:    1. 'NVIDIA GeForce GTX 1060 3GB' (P:1 D:1)
[2020.09.09-11.29.37:189][  0]LogWindows:    2. 'NVIDIA GeForce GTX 1060 3GB' (P:0 D:0)
[2020.09.09-11.29.37:190][  0]LogWindows:    3. 'NVIDIA GeForce GTX 1060 3GB' (P:0 D:0)
[2020.09.09-11.29.37:190][  0]LogWindows: DebugString: FoundDriverCount:4 
[2020.09.09-11.29.37:190][  0]LogD3D11RHI:     Adapter Name: NVIDIA GeForce GTX 1060 3GB
[2020.09.09-11.29.37:190][  0]LogD3D11RHI:   Driver Version: 432.00 (internal:26.21.14.3200, unified:432.00)
[2020.09.09-11.29.37:190][  0]LogD3D11RHI:      Driver Date: 7-24-2019
[2020.09.09-11.29.37:190][  0]LogRHI: Texture pool is 2091 MB (70% of 2988 MB)
[2020.09.09-11.29.37:234][  0]LogD3D11RHI: RHI has support for 64 bit atomics
[2020.09.09-11.29.37:236][  0]LogD3D11RHI: [Aftermath] Enabled and primed
[2020.09.09-11.29.37:236][  0]LogD3D11RHI: Async texture creation enabled
[2020.09.09-11.29.37:236][  0]LogD3D11RHI: Array index from any shader is supported
[2020.09.09-11.29.37:345][  0]LogD3D11RHI: GPU Timing Frequency: 1000.000000 (Debug: 2 1)
[2020.09.09-11.29.37:984][  0]LogTargetPlatformManager: Display: Loaded TargetPlatform 'AllDesktop'
[2020.09.09-11.29.38:022][  0]LogTargetPlatformManager: Display: Loaded TargetPlatform 'Android'
[2020.09.09-11.29.38:022][  0]LogTargetPlatformManager: Display: Loaded TargetPlatform 'Android_ASTC'
[2020.09.09-11.29.38:022][  0]LogTargetPlatformManager: Display: Loaded TargetPlatform 'Android_DXT'
[2020.09.09-11.29.38:022][  0]LogTargetPlatformManager: Display: Loaded TargetPlatform 'Android_ETC2'
[2020.09.09-11.29.38:022][  0]LogTargetPlatformManager: Display: Loaded TargetPlatform 'AndroidClient'
[2020.09.09-11.29.38:022][  0]LogTargetPlatformManager: Display: Loaded TargetPlatform 'Android_ASTCClient'
[2020.09.09-11.29.38:022][  0]LogTargetPlatformManager: Display: Loaded TargetPlatform 'Android_DXTClient'
[2020.09.09-11.29.38:022][  0]LogTargetPlatformManager: Display: Loaded TargetPlatform 'Android_ETC2Client'
[2020.09.09-11.29.38:022][  0]LogTargetPlatformManager: Display: Loaded TargetPlatform 'Android_Multi'
[2020.09.09-11.29.38:022][  0]LogTargetPlatformManager: Display: Loaded TargetPlatform 'Android_MultiClient'
[2020.09.09-11.29.38:119][  0]LogTargetPlatformManager: Display: Loaded TargetPlatform 'IOSClient'
[2020.09.09-11.29.38:119][  0]LogTargetPlatformManager: Display: Loaded TargetPlatform 'IOS'
[2020.09.09-11.29.38:150][  0]LogTargetPlatformManager: Display: Loaded TargetPlatform 'Linux'
[2020.09.09-11.29.38:177][  0]LogTargetPlatformManager: Display: Loaded TargetPlatform 'LinuxNoEditor'
[2020.09.09-11.29.38:214][  0]LogTargetPlatformManager: Display: Loaded TargetPlatform 'LinuxClient'
[2020.09.09-11.29.38:246][  0]LogTargetPlatformManager: Display: Loaded TargetPlatform 'LinuxServer'
[2020.09.09-11.29.38:277][  0]LogTargetPlatformManager: Display: Loaded TargetPlatform 'LinuxAArch64NoEditor'
[2020.09.09-11.29.38:310][  0]LogTargetPlatformManager: Display: Loaded TargetPlatform 'LinuxAArch64Client'
[2020.09.09-11.29.38:344][  0]LogTargetPlatformManager: Display: Loaded TargetPlatform 'LinuxAArch64Server'
[2020.09.09-11.29.38:398][  0]LogTargetPlatformManager: Display: Loaded TargetPlatform 'Lumin'
[2020.09.09-11.29.38:398][  0]LogTargetPlatformManager: Display: Loaded TargetPlatform 'LuminClient'
[2020.09.09-11.29.38:430][  0]LogTargetPlatformManager: Display: Loaded TargetPlatform 'TVOSClient'
[2020.09.09-11.29.38:430][  0]LogTargetPlatformManager: Display: Loaded TargetPlatform 'TVOS'
[2020.09.09-11.29.38:480][  0]LogTargetPlatformManager: Display: Loaded TargetPlatform 'WindowsNoEditor'
[2020.09.09-11.29.38:521][  0]LogTargetPlatformManager: Display: Loaded TargetPlatform 'Windows'
[2020.09.09-11.29.38:549][  0]LogTargetPlatformManager: Display: Loaded TargetPlatform 'WindowsClient'
[2020.09.09-11.29.38:578][  0]LogTargetPlatformManager: Display: Loaded TargetPlatform 'WindowsServer'
[2020.09.09-11.29.38:578][  0]LogTargetPlatformManager: Display: Building Assets For Windows
[2020.09.09-11.29.38:664][  0]LogAudioDebug: Display: Lib vorbis DLL was dynamically loaded.
[2020.09.09-11.29.39:051][  0]LogShaderCompilers: Guid format shader working directory is -5 characters bigger than the processId version (../../../../../Fork/EcoSim-Week-3-Prodject/MyProject/Intermediate/Shaders/WorkingDirectory/7080/).
[2020.09.09-11.29.39:051][  0]LogShaderCompilers: Cleaned the shader compiler working directory 'C:/Users/jensun/AppData/Local/Temp/UnrealShaderWorkingDir/C7D4321D4C6B8B86D7FC9A9E38CAF282/'.
[2020.09.09-11.29.39:052][  0]LogXGEController: Cleaning working directory: C:/Users/jensun/AppData/Local/Temp/UnrealXGEWorkingDir/
[2020.09.09-11.29.39:052][  0]LogXGEController: Cannot use XGE Controller as Incredibuild is not installed on this machine.
[2020.09.09-11.29.39:052][  0]LogShaderCompilers: Cannot use XGE Shader Compiler as Incredibuild is not installed on this machine.
[2020.09.09-11.29.39:052][  0]LogShaderCompilers: Display: Using Local Shader Compiler.
[2020.09.09-11.29.42:749][  0]LogDerivedDataCache: Display: Max Cache Size: 512 MB
[2020.09.09-11.29.42:814][  0]LogDerivedDataCache: Loaded boot cache 0.07s 75MB C:/Users/jensun/AppData/Local/UnrealEngine/4.25/DerivedDataCache/Boot.ddc.
[2020.09.09-11.29.42:814][  0]LogDerivedDataCache: Display: Loaded Boot cache: C:/Users/jensun/AppData/Local/UnrealEngine/4.25/DerivedDataCache/Boot.ddc
[2020.09.09-11.29.42:814][  0]LogDerivedDataCache: FDerivedDataBackendGraph:  Pak pak cache file ../../../../../Fork/EcoSim-Week-3-Prodject/MyProject/DerivedDataCache/DDC.ddp not found, will not use a pak cache.
[2020.09.09-11.29.42:814][  0]LogDerivedDataCache: Unable to find inner node Pak for hierarchical cache Hierarchy.
[2020.09.09-11.29.42:814][  0]LogDerivedDataCache: FDerivedDataBackendGraph:  CompressedPak pak cache file ../../../../../Fork/EcoSim-Week-3-Prodject/MyProject/DerivedDataCache/Compressed.ddp not found, will not use a pak cache.
[2020.09.09-11.29.42:814][  0]LogDerivedDataCache: Unable to find inner node CompressedPak for hierarchical cache Hierarchy.
[2020.09.09-11.29.42:836][  0]LogDerivedDataCache: Display: Pak cache opened for reading ../../../Engine/DerivedDataCache/Compressed.ddp.
[2020.09.09-11.29.42:836][  0]LogDerivedDataCache: FDerivedDataBackendGraph:  EnterprisePak pak cache file ../../../Enterprise/DerivedDataCache/Compressed.ddp not found, will not use a pak cache.
[2020.09.09-11.29.42:836][  0]LogDerivedDataCache: Unable to find inner node EnterprisePak for hierarchical cache Hierarchy.
[2020.09.09-11.29.42:837][  0]LogDerivedDataCache: Using Local data cache path C:/Users/jensun/AppData/Local/UnrealEngine/Common/DerivedDataCache: Writable
[2020.09.09-11.29.42:837][  0]LogDerivedDataCache: Shared data cache path not found in *engine.ini, will not use an Shared cache.
[2020.09.09-11.29.42:837][  0]LogDerivedDataCache: Unable to find inner node Shared for hierarchical cache Hierarchy.
[2020.09.09-11.29.42:903][  0]LogSlate: Using FreeType 2.10.0
[2020.09.09-11.29.42:912][  0]LogSlate: SlateFontServices - WITH_FREETYPE: 1, WITH_HARFBUZZ: 1
[2020.09.09-11.29.43:029][  0]LogAssetRegistry: FAssetRegistry took 0.0025 seconds to start up
[2020.09.09-11.29.43:307][  0]LogInit: Selected Device Profile: [Windows]
[2020.09.09-11.29.43:749][  0]LogMeshReduction: Using QuadricMeshReduction for automatic static mesh reduction
[2020.09.09-11.29.43:749][  0]LogMeshReduction: Using SimplygonMeshReduction for automatic skeletal mesh reduction
[2020.09.09-11.29.43:749][  0]LogMeshReduction: Using ProxyLODMeshReduction for automatic mesh merging
[2020.09.09-11.29.43:749][  0]LogMeshReduction: No distributed automatic mesh merging module available
[2020.09.09-11.29.43:749][  0]LogMeshMerging: No distributed automatic mesh merging module available
[2020.09.09-11.29.43:813][  0]LogNetVersion: MyProject 1.0.0, NetCL: 13144385, EngineNetVer: 14, GameNetVer: 0 (Checksum: 709303259)
[2020.09.09-11.29.45:520][  0]LogAISub: UAISubsystem::UAISubsystem AISubsystem (000001E8B6222980), frame # 0
[2020.09.09-11.29.45:520][  0]LogAISub: UAISubsystem::UAISubsystem AIPerceptionSystem (000001E8B9553B00), frame # 0
[2020.09.09-11.29.45:521][  0]LogAISub: UAISubsystem::UAISubsystem EnvQueryManager (000001E8B6212800), frame # 0
[2020.09.09-11.29.45:660][  0]LogPackageLocalizationCache: Processed 19 localized package path(s) for 1 prioritized culture(s) in 0.120746 seconds
[2020.09.09-11.29.45:666][  0]LogUObjectArray: 15917 objects as part of root set at end of initial load.
[2020.09.09-11.29.45:666][  0]LogUObjectAllocator: 3965568 out of 0 bytes used by permanent object pool.
[2020.09.09-11.29.45:666][  0]LogUObjectArray: CloseDisregardForGC: 0/0 objects in disregard for GC pool
[2020.09.09-11.29.47:365][  0]LogTcpMessaging: Initializing TcpMessaging bridge
[2020.09.09-11.29.47:386][  0]LogUdpMessaging: Initializing bridge on interface 0.0.0.0:0 to multicast group 230.0.0.1:6666.
[2020.09.09-11.29.47:831][  0]SourceControl: Source control is disabled
[2020.09.09-11.29.47:832][  0]SourceControl: Source control is disabled
[2020.09.09-11.29.47:855][  0]SourceControl: Source control is disabled
[2020.09.09-11.29.47:876][  0]SourceControl: Source control is disabled
[2020.09.09-11.29.47:918][  0]SourceControl: Source control is disabled
[2020.09.09-11.29.49:181][  0]LogAndroidPermission: UAndroidPermissionCallbackProxy::GetInstance
[2020.09.09-11.29.49:300][  0]LogAudioCaptureCore: Display: No Audio Capture implementations found. Audio input will be silent.
[2020.09.09-11.29.49:300][  0]LogAudioCaptureCore: Display: No Audio Capture implementations found. Audio input will be silent.
[2020.09.09-11.29.49:521][  0]LogOcInput: OculusInput pre-init called
[2020.09.09-11.29.49:569][  0]LogWindows: Failed to load 'OVRPlugin.dll' (GetLastError=126)
[2020.09.09-11.29.49:569][  0]LogWindows: File 'OVRPlugin.dll' does not exist
[2020.09.09-11.29.49:757][  0]LogEngine: Initializing Engine...
[2020.09.09-11.29.49:759][  0]LogHMD: Failed to initialize OpenVR with code 110
[2020.09.09-11.29.49:759][  0]LogMagicLeap: Warning: VR disabled because ZI is not enabled.  To enable, in the editor, Edit -> Project Settings -> Plugins -> Magic Leap Plugin -> Enable Zero Iteration
[2020.09.09-11.29.49:760][  0]LogStats: UGameplayTagsManager::InitializeManager -  0.000 s
[2020.09.09-11.29.49:904][  0]LogInit: Initializing FReadOnlyCVARCache
[2020.09.09-11.29.49:931][  0]LogAIModule: Creating AISystem for world Untitled
[2020.09.09-11.29.49:931][  0]LogAISub: UAISubsystem::UAISubsystem EnvQueryManager (000001E8BF2C9C00), frame # 0
[2020.09.09-11.29.49:931][  0]LogAISub: UAISubsystem::UAISubsystem AIPerceptionSystem (000001E8BF3096C0), frame # 0
[2020.09.09-11.29.50:011][  0]LogAudioMixer: Display: Audio Mixer Platform Settings:
[2020.09.09-11.29.50:011][  0]LogAudioMixer: Display: 	Sample Rate:						  48000
[2020.09.09-11.29.50:011][  0]LogAudioMixer: Display: 	Callback Buffer Frame Size Requested: 1024
[2020.09.09-11.29.50:011][  0]LogAudioMixer: Display: 	Callback Buffer Frame Size To Use:	  1024
[2020.09.09-11.29.50:011][  0]LogAudioMixer: Display: 	Number of buffers to queue:			  2
[2020.09.09-11.29.50:011][  0]LogAudioMixer: Display: 	Max Channels (voices):				  32
[2020.09.09-11.29.50:011][  0]LogAudioMixer: Display: 	Number of Async Source Workers:		  0
[2020.09.09-11.29.50:011][  0]LogAudio: Display: AudioDevice MaxSources: 32
[2020.09.09-11.29.50:011][  0]LogAudio: Display: Using built-in audio occlusion.
[2020.09.09-11.29.50:011][  0]LogAudioMixer: Display: Initializing audio mixer.
[2020.09.09-11.29.50:049][  0]LogAudioMixer: Display: 0: FrontLeft
[2020.09.09-11.29.50:049][  0]LogAudioMixer: Display: 1: FrontRight
[2020.09.09-11.29.50:141][  0]LogAudioMixer: Display: Using Audio Device Högtalare (Realtek High Definition Audio)
[2020.09.09-11.29.50:144][  0]LogAudioMixer: Display: Initializing Sound Submixes...
[2020.09.09-11.29.50:146][  0]LogAudioMixer: Display: Creating Master Submix 'MasterSubmixDefault'
[2020.09.09-11.29.50:146][  0]LogAudioMixer: Display: Creating Master Submix 'MasterReverbSubmixDefault'
[2020.09.09-11.29.50:147][  0]LogAudioMixer: Display: Creating Master Submix 'MasterEQSubmixDefault'
[2020.09.09-11.29.50:148][  0]LogInit: FAudioDevice initialized.
[2020.09.09-11.29.50:148][  0]LogNetVersion: Set ProjectVersion to 1.0.0.0. Version Checksum will be recalculated on next use.
[2020.09.09-11.29.50:228][  0]LogDerivedDataCache: Saved boot cache 0.08s 75MB C:/Users/jensun/AppData/Local/UnrealEngine/4.25/DerivedDataCache/Boot.ddc.
[2020.09.09-11.29.50:234][  0]LogInit: Texture streaming: Enabled
[2020.09.09-11.29.50:318][  0]LogEngineSessionManager: EngineSessionManager initialized
[2020.09.09-11.29.50:318][  0]LogEditorSessionSummary: Verbose: Initializing EditorSessionSummaryWriter for editor session tracking
[2020.09.09-11.29.50:321][  0]LogEditorSessionSummary: EditorSessionSummaryWriter initialized
[2020.09.09-11.29.50:419][  0]LogInit: Transaction tracking system initialized
[2020.09.09-11.29.50:536][  0]BlueprintLog: New page: Editor Load
[2020.09.09-11.29.50:920][  0]LocalizationService: Localization service is disabled
[2020.09.09-11.29.51:424][  0]LogCook: Display: Max memory allowance for cook 16384mb min free memory 0mb
[2020.09.09-11.29.51:424][  0]LogCook: Display: Mobile HDR setting 1
[2020.09.09-11.29.51:853][  0]LogFileCache: Scanning file cache for directory 'D:/Fork/EcoSim-Week-3-Prodject/MyProject/Content/' took 0.01s
[2020.09.09-11.29.52:473][  0]SourceControl: Source control is disabled
[2020.09.09-11.29.52:473][  0]LogUnrealEdMisc: Loading editor; pre map load, took 23.887
[2020.09.09-11.29.52:473][  0]Cmd: MAP LOAD FILE="../../../../../Fork/EcoSim-Week-3-Prodject/MyProject/Content/TopDownBP/Maps/TopDownExampleMap.umap" TEMPLATE=0 SHOWPROGRESS=1 FEATURELEVEL=3
[2020.09.09-11.29.52:518][  0]LightingResults: New page: Lighting Build
[2020.09.09-11.29.52:519][  0]LogWorld: UWorld::CleanupWorld for Untitled, bSessionEnded=true, bCleanupResources=true
[2020.09.09-11.29.52:519][  0]LogSlate: InvalidateAllWidgets triggered.  All widgets were invalidated
[2020.09.09-11.29.52:519][  0]MapCheck: New page: Map Check
[2020.09.09-11.29.52:519][  0]LightingResults: New page: Lighting Build
[2020.09.09-11.29.52:528][  0]LogAISub: UAISubsystem::~UAISubsystem EnvQueryManager (000001E8BF2C9C00), frame # 0
[2020.09.09-11.29.52:528][  0]LogAISub: UAISubsystem::~UAISubsystem AIPerceptionSystem (000001E8BF3096C0), frame # 0
[2020.09.09-11.29.52:528][  0]LogUObjectHash: Compacting FUObjectHashTables data took   0.65ms
[2020.09.09-11.29.53:858][  0]LogLinker: Warning: While loading '../../../../../Fork/EcoSim-Week-3-Prodject/MyProject/Content/TopDownBP/Maps/TopDownExampleMap.umap' failed to load '/Game/TopDownBP/Maps/TopDownExampleMap_BuiltData': Can't find file.
[2020.09.09-11.29.53:858][  0]LogLinker: Warning: While loading '../../../../../Fork/EcoSim-Week-3-Prodject/MyProject/Content/TopDownBP/Maps/TopDownExampleMap.umap' failed to load '/Game/TopDownBP/Maps/TopDownExampleMap_BuiltData': Can't find file.
[2020.09.09-11.29.53:949][  0]LogLinker: Warning: While loading '../../../../../Fork/EcoSim-Week-3-Prodject/MyProject/Content/TopDownBP/Maps/TopDownExampleMap.umap' failed to load '/Game/TopDownBP/Maps/TopDownExampleMap_BuiltData': Can't find file.
[2020.09.09-11.29.53:949][  0]LogLinker: Warning: While loading '../../../../../Fork/EcoSim-Week-3-Prodject/MyProject/Content/TopDownBP/Maps/TopDownExampleMap.umap' failed to load '/Game/TopDownBP/Maps/TopDownExampleMap_BuiltData': Can't find file.
[2020.09.09-11.29.53:971][  0]LogLinker: Warning: Failed to load '/Game/TopDownBP/Maps/TopDownExampleMap_BuiltData': Can't find file.
[2020.09.09-11.29.53:971][  0]LogLinker: Warning: Failed to load '/Game/TopDownBP/Maps/TopDownExampleMap_BuiltData': Can't find file.
[2020.09.09-11.29.53:971][  0]LogLinker: Warning: Failed to load '/Game/TopDownBP/Maps/TopDownExampleMap_BuiltData': Can't find file.
[2020.09.09-11.29.53:971][  0]LogLinker: Warning: Failed to load '/Game/TopDownBP/Maps/TopDownExampleMap_BuiltData': Can't find file.
[2020.09.09-11.29.53:979][  0]LogLinker: Warning: While loading '../../../../../Fork/EcoSim-Week-3-Prodject/MyProject/Content/TopDownBP/Maps/TopDownExampleMap.umap' failed to load '/Game/TopDownBP/Maps/TopDownExampleMap_BuiltData': Can't find file.
[2020.09.09-11.29.53:980][  0]LoadErrors: Failed to load /Game/TopDownBP/Maps/TopDownExampleMap_BuiltData.TopDownExampleMap_BuiltData Referenced by PersistentLevel
[2020.09.09-11.29.53:980][  0]LogLinker: Warning: While loading '../../../../../Fork/EcoSim-Week-3-Prodject/MyProject/Content/TopDownBP/Maps/TopDownExampleMap.umap' failed to load '/Game/TopDownBP/Maps/TopDownExampleMap_BuiltData': Can't find file.
[2020.09.09-11.29.53:980][  0]LoadErrors: Failed to load /Game/TopDownBP/Maps/TopDownExampleMap_BuiltData.TopDownExampleMap_BuiltData Referenced by PersistentLevel
[2020.09.09-11.29.54:608][  0]LogAIModule: Creating AISystem for world TopDownExampleMap
[2020.09.09-11.29.54:608][  0]LogAISub: UAISubsystem::UAISubsystem EnvQueryManager (000001E8C71E0E00), frame # 0
[2020.09.09-11.29.54:608][  0]LogAISub: UAISubsystem::UAISubsystem AIPerceptionSystem (000001E8C71B3240), frame # 0
[2020.09.09-11.29.54:658][  0]LogEditorServer: Finished looking for orphan Actors (0.000 secs)
[2020.09.09-11.29.54:671][  0]LogNavigationDataBuild: Display:    Building NavData:  Name Default class /Script/NavigationSystem.RecastNavMesh agent radius 35.0.
[2020.09.09-11.29.54:685][  0]LogUObjectHash: Compacting FUObjectHashTables data took   1.01ms
[2020.09.09-11.29.54:685][  0]Cmd: MAP CHECKDEP NOCLEARLOG
[2020.09.09-11.29.54:686][  0]MapCheck: Map check complete: 0 Error(s), 0 Warning(s), took 0,116ms to complete.
[2020.09.09-11.29.54:686][  0]LogFileHelpers: Loading map 'TopDownExampleMap' took 2.213
[2020.09.09-11.29.54:688][  0]LogUnrealEdMisc: Total Editor Startup Time, took 26.101
[2020.09.09-11.29.54:837][  0]LogSlate: Updating window title bar state: overlay mode, drag disabled, window buttons hidden, title bar hidden
[2020.09.09-11.29.54:844][  0]LogSlate: Updating window title bar state: overlay mode, drag disabled, window buttons hidden, title bar hidden
[2020.09.09-11.29.54:852][  0]LogSlate: Updating window title bar state: overlay mode, drag disabled, window buttons hidden, title bar hidden
[2020.09.09-11.29.54:861][  0]LogSlate: Updating window title bar state: overlay mode, drag disabled, window buttons hidden, title bar hidden
[2020.09.09-11.29.54:902][  0]LogCollectionManager: Loaded 0 collections in 0.000708 seconds
[2020.09.09-11.29.54:919][  0]LogFileCache: Scanning file cache for directory 'D:/Fork/EcoSim-Week-3-Prodject/MyProject/Saved/Collections/' took 0.00s
[2020.09.09-11.29.54:919][  0]LogFileCache: Scanning file cache for directory 'D:/Fork/EcoSim-Week-3-Prodject/MyProject/Content/Developers/jensun/Collections/' took 0.00s
[2020.09.09-11.29.54:919][  0]LogFileCache: Scanning file cache for directory 'D:/Fork/EcoSim-Week-3-Prodject/MyProject/Content/Collections/' took 0.00s
[2020.09.09-11.29.54:919][  0]LogContentBrowser: Native class hierarchy populated in 0.0096 seconds. Added 3427 classes and 821 folders.
[2020.09.09-11.29.54:922][  0]LogContentBrowser: Native class hierarchy updated for 'WidgetCarousel' in 0.0003 seconds. Added 0 classes and 0 folders.
[2020.09.09-11.29.55:229][  0]LogContentBrowser: Native class hierarchy updated for 'AddContentDialog' in 0.0003 seconds. Added 0 classes and 0 folders.
[2020.09.09-11.29.55:230][  0]LogContentBrowser: Native class hierarchy updated for 'SceneOutliner' in 0.0003 seconds. Added 2 classes and 0 folders.
[2020.09.09-11.29.55:275][  0]LogSlate: Took 0.006441 seconds to synchronously load lazily loaded font '../../../Engine/Content/Slate/Fonts/Roboto-Regular.ttf' (155K)
[2020.09.09-11.29.55:281][  0]LogSlate: Took 0.004816 seconds to synchronously load lazily loaded font '../../../Engine/Content/Slate/Fonts/Roboto-Bold.ttf' (160K)
[2020.09.09-11.29.55:292][  0]LogSlate: Took 0.006019 seconds to synchronously load lazily loaded font '../../../Engine/Content/Editor/Slate/Fonts/FontAwesome.ttf' (139K)
[2020.09.09-11.29.55:413][  0]LogRenderer: Reallocating scene render targets to support 1616x808 Format 10 NumSamples 1 (Frame:1).
[2020.09.09-11.29.55:631][  0]LogContentBrowser: Native class hierarchy updated for 'HierarchicalLODOutliner' in 0.0003 seconds. Added 0 classes and 0 folders.
[2020.09.09-11.29.55:632][  0]LogLoad: (Engine Initialization) Total time: 27.04 seconds
[2020.09.09-11.29.55:632][  0]LogLoad: (Engine Initialization) Total Blueprint compile time: 0.00 seconds
[2020.09.09-11.29.55:670][  0]LogContentStreaming: Texture pool size now 1000 MB
[2020.09.09-11.29.55:816][  0]LogSlate: Took 0.007912 seconds to synchronously load lazily loaded font '../../../Engine/Content/Slate/Fonts/DroidSansMono.ttf' (77K)
[2020.09.09-11.30.03:853][770]LogSlate: Window 'Message Log' being destroyed
[2020.09.09-11.30.03:857][770]LogSlate: Window 'Message Log' being destroyed
[2020.09.09-11.30.18:881][414]LogSlate: Window 'New Level' being destroyed
[2020.09.09-11.30.18:888][414]Cmd: MAP LOAD FILE="../../../Engine/Content/Maps/Templates/Template_Default.umap" TEMPLATE=1 SHOWPROGRESS=1 FEATURELEVEL=3
[2020.09.09-11.30.18:899][414]LogSlate: Took 0.006786 seconds to synchronously load lazily loaded font '../../../Engine/Content/Slate/Fonts/Roboto-Light.ttf' (167K)
[2020.09.09-11.30.18:917][414]LightingResults: New page: Lighting Build
[2020.09.09-11.30.18:917][414]LoadErrors: New page: Loading map: Template_Default.umap
[2020.09.09-11.30.18:919][414]LogWorld: UWorld::CleanupWorld for TopDownExampleMap, bSessionEnded=true, bCleanupResources=true
[2020.09.09-11.30.18:919][414]LogSlate: InvalidateAllWidgets triggered.  All widgets were invalidated
[2020.09.09-11.30.18:919][414]MapCheck: New page: Map Check
[2020.09.09-11.30.18:919][414]LightingResults: New page: Lighting Build
[2020.09.09-11.30.18:929][414]LogAISub: UAISubsystem::~UAISubsystem EnvQueryManager (000001E8C71E0E00), frame # 1414
[2020.09.09-11.30.18:929][414]LogAISub: UAISubsystem::~UAISubsystem AIPerceptionSystem (000001E8C71B3240), frame # 1414
[2020.09.09-11.30.18:930][414]LogUObjectHash: Compacting FUObjectHashTables data took   0.74ms
[2020.09.09-11.30.18:940][414]LogAIModule: Creating AISystem for world Untitled_1
[2020.09.09-11.30.18:940][414]LogAISub: UAISubsystem::UAISubsystem EnvQueryManager (000001E8AD348800), frame # 1414
[2020.09.09-11.30.18:940][414]LogAISub: UAISubsystem::UAISubsystem AIPerceptionSystem (000001E8D5BE6700), frame # 1414
[2020.09.09-11.30.18:942][414]LogEditorServer: Finished looking for orphan Actors (0.000 secs)
[2020.09.09-11.30.18:951][414]LogUObjectHash: Compacting FUObjectHashTables data took   0.72ms
[2020.09.09-11.30.18:983][414]Cmd: MAP CHECKDEP NOCLEARLOG
[2020.09.09-11.30.18:983][414]MapCheck: Map check complete: 0 Error(s), 0 Warning(s), took 0,097ms to complete.
[2020.09.09-11.30.18:983][414]LogFileHelpers: Loading map 'Template_Default' took 0.095
[2020.09.09-11.30.18:987][414]LogAssetRegistry: Asset discovery search completed in 35.9591 seconds
[2020.09.09-11.30.18:993][414]LogCollectionManager: Fixed up redirectors for 0 collections in 0.000004 seconds (updated 0 objects)
[2020.09.09-11.30.21:983][668]LogTemp: Repeating last play command: Selected Viewport
[2020.09.09-11.30.21:994][668]LogPlayLevel: PlayLevel: No blueprints needed recompiling
[2020.09.09-11.30.22:005][668]PIE: New page: PIE session: Untitled_1 (9 sep. 2020 15:30:21)
[2020.09.09-11.30.22:006][668]LogOnline: OSS: Creating online subsystem instance for: NULL
[2020.09.09-11.30.22:007][668]LogOnline: OSS: TryLoadSubsystemAndSetDefault: Loaded subsystem for module [NULL]
[2020.09.09-11.30.22:007][668]LogPlayLevel: Creating play world package: /Temp/UEDPIE_0_Untitled_1
[2020.09.09-11.30.22:010][668]LogPlayLevel: PIE: StaticDuplicateObject took: (0.002234s)
[2020.09.09-11.30.22:011][668]LogAIModule: Creating AISystem for world Untitled_1
[2020.09.09-11.30.22:011][668]LogAISub: UAISubsystem::UAISubsystem EnvQueryManager (000001E8D64C9200), frame # 1668
[2020.09.09-11.30.22:011][668]LogAISub: UAISubsystem::UAISubsystem AIPerceptionSystem (000001E8AD455940), frame # 1668
[2020.09.09-11.30.22:011][668]LogPlayLevel: PIE: World Init took: (0.001690s)
[2020.09.09-11.30.22:011][668]LogPlayLevel: PIE: Created PIE world by copying editor world from /Temp/Untitled_1.Untitled_1 to /Temp/UEDPIE_0_Untitled_1.Untitled_1 (0.004091s)
[2020.09.09-11.30.22:021][668]LogUObjectHash: Compacting FUObjectHashTables data took   0.73ms
[2020.09.09-11.30.22:022][668]LogAudioMixer: Display: Audio Mixer Platform Settings:
[2020.09.09-11.30.22:022][668]LogAudioMixer: Display: 	Sample Rate:						  48000
[2020.09.09-11.30.22:022][668]LogAudioMixer: Display: 	Callback Buffer Frame Size Requested: 1024
[2020.09.09-11.30.22:022][668]LogAudioMixer: Display: 	Callback Buffer Frame Size To Use:	  1024
[2020.09.09-11.30.22:022][668]LogAudioMixer: Display: 	Number of buffers to queue:			  2
[2020.09.09-11.30.22:022][668]LogAudioMixer: Display: 	Max Channels (voices):				  32
[2020.09.09-11.30.22:022][668]LogAudioMixer: Display: 	Number of Async Source Workers:		  0
[2020.09.09-11.30.22:022][668]LogAudio: Display: AudioDevice MaxSources: 32
[2020.09.09-11.30.22:023][668]LogAudio: Display: Using built-in audio occlusion.
[2020.09.09-11.30.22:023][668]LogAudioMixer: Display: Initializing audio mixer.
[2020.09.09-11.30.22:030][668]LogAudioMixer: Display: 0: FrontLeft
[2020.09.09-11.30.22:030][668]LogAudioMixer: Display: 1: FrontRight
[2020.09.09-11.30.22:061][668]LogAudioMixer: Display: Using Audio Device Högtalare (Realtek High Definition Audio)
[2020.09.09-11.30.22:061][668]LogAudioMixer: Display: Initializing Sound Submixes...
[2020.09.09-11.30.22:061][668]LogAudioMixer: Display: Creating Master Submix 'MasterSubmixDefault'
[2020.09.09-11.30.22:061][668]LogAudioMixer: Display: Creating Master Submix 'MasterReverbSubmixDefault'
[2020.09.09-11.30.22:061][668]LogAudioMixer: Display: Creating Master Submix 'MasterEQSubmixDefault'
[2020.09.09-11.30.22:079][668]LogInit: FAudioDevice initialized.
[2020.09.09-11.30.22:087][668]LogLoad: Game class is 'TopDownGameMode_C'
[2020.09.09-11.30.22:089][668]LogWorld: Bringing World /Temp/UEDPIE_0_Untitled_1.Untitled_1 up for play (max tick rate 0) at 2020.09.09-13.30.22
[2020.09.09-11.30.22:089][668]LogWorld: Bringing up level for play took: 0.000767
[2020.09.09-11.30.22:089][668]LogOnline: OSS: Creating online subsystem instance for: :Context_1
[2020.09.09-11.30.22:093][668]LogContentBrowser: Native class hierarchy updated for 'MovieSceneCapture' in 0.0004 seconds. Added 20 classes and 0 folders.
[2020.09.09-11.30.22:095][668]PIE: Server logged in
[2020.09.09-11.30.22:097][668]PIE: Play in editor total start time 0,103 seconds.
[2020.09.09-11.30.26:450][173]LogSlate: Updating window title bar state: overlay mode, drag disabled, window buttons hidden, title bar hidden
[2020.09.09-11.30.26:450][173]LogWorld: BeginTearingDown for /Temp/UEDPIE_0_Untitled_1
[2020.09.09-11.30.26:450][173]LogWorld: UWorld::CleanupWorld for Untitled_1, bSessionEnded=true, bCleanupResources=true
[2020.09.09-11.30.26:451][173]LogSlate: InvalidateAllWidgets triggered.  All widgets were invalidated
[2020.09.09-11.30.26:459][173]LogPlayLevel: Display: Shutting down PIE online subsystems
[2020.09.09-11.30.26:461][173]LogSlate: InvalidateAllWidgets triggered.  All widgets were invalidated
[2020.09.09-11.30.26:470][173]LogSlate: Updating window title bar state: overlay mode, drag disabled, window buttons hidden, title bar hidden
[2020.09.09-11.30.26:492][173]LogAISub: UAISubsystem::~UAISubsystem AIPerceptionSystem (000001E8AD455940), frame # 2173
[2020.09.09-11.30.26:492][173]LogAISub: UAISubsystem::~UAISubsystem EnvQueryManager (000001E8D64C9200), frame # 2173
[2020.09.09-11.30.26:493][173]LogUObjectHash: Compacting FUObjectHashTables data took   0.66ms
[2020.09.09-11.30.26:525][175]LogPlayLevel: Display: Destroying online subsystem :Context_1
[2020.09.09-11.30.31:870][765]Cmd: DELETE
[2020.09.09-11.30.31:871][765]Cmd: ACTOR DELETE
[2020.09.09-11.30.31:876][765]LogEditorActor: Deleted Actor: PlayerStart
[2020.09.09-11.30.31:885][765]LogUObjectHash: Compacting FUObjectHashTables data took   0.63ms
[2020.09.09-11.30.31:887][765]LogEditorActor: Deleted 1 Actors (0.014 secs)
[2020.09.09-11.30.33:008][896]LogTemp: Repeating last play command: Selected Viewport
[2020.09.09-11.30.33:019][896]LogPlayLevel: PlayLevel: No blueprints needed recompiling
[2020.09.09-11.30.33:019][896]PIE: New page: PIE session: Untitled_1 (9 sep. 2020 15:30:33)
[2020.09.09-11.30.33:019][896]LogPlayLevel: Creating play world package: /Temp/UEDPIE_0_Untitled_1
[2020.09.09-11.30.33:021][896]LogPlayLevel: PIE: StaticDuplicateObject took: (0.001917s)
[2020.09.09-11.30.33:023][896]LogAIModule: Creating AISystem for world Untitled_1
[2020.09.09-11.30.33:023][896]LogAISub: UAISubsystem::UAISubsystem EnvQueryManager (000001E8B68E7C00), frame # 2896
[2020.09.09-11.30.33:023][896]LogAISub: UAISubsystem::UAISubsystem AIPerceptionSystem (000001E8AD4EA200), frame # 2896
[2020.09.09-11.30.33:023][896]LogPlayLevel: PIE: World Init took: (0.001978s)
[2020.09.09-11.30.33:023][896]LogPlayLevel: PIE: Created PIE world by copying editor world from /Temp/Untitled_1.Untitled_1 to /Temp/UEDPIE_0_Untitled_1.Untitled_1 (0.004048s)
[2020.09.09-11.30.33:032][896]LogUObjectHash: Compacting FUObjectHashTables data took   0.59ms
[2020.09.09-11.30.33:033][896]LogAudioMixer: Display: Audio Mixer Platform Settings:
[2020.09.09-11.30.33:033][896]LogAudioMixer: Display: 	Sample Rate:						  48000
[2020.09.09-11.30.33:033][896]LogAudioMixer: Display: 	Callback Buffer Frame Size Requested: 1024
[2020.09.09-11.30.33:033][896]LogAudioMixer: Display: 	Callback Buffer Frame Size To Use:	  1024
[2020.09.09-11.30.33:033][896]LogAudioMixer: Display: 	Number of buffers to queue:			  2
[2020.09.09-11.30.33:033][896]LogAudioMixer: Display: 	Max Channels (voices):				  32
[2020.09.09-11.30.33:033][896]LogAudioMixer: Display: 	Number of Async Source Workers:		  0
[2020.09.09-11.30.33:033][896]LogAudio: Display: AudioDevice MaxSources: 32
[2020.09.09-11.30.33:034][896]LogAudio: Display: Using built-in audio occlusion.
[2020.09.09-11.30.33:034][896]LogAudioMixer: Display: Initializing audio mixer.
[2020.09.09-11.30.33:041][896]LogAudioMixer: Display: 0: FrontLeft
[2020.09.09-11.30.33:041][896]LogAudioMixer: Display: 1: FrontRight
[2020.09.09-11.30.33:069][896]LogAudioMixer: Display: Using Audio Device Högtalare (Realtek High Definition Audio)
[2020.09.09-11.30.33:069][896]LogAudioMixer: Display: Initializing Sound Submixes...
[2020.09.09-11.30.33:069][896]LogAudioMixer: Display: Creating Master Submix 'MasterSubmixDefault'
[2020.09.09-11.30.33:069][896]LogAudioMixer: Display: Creating Master Submix 'MasterReverbSubmixDefault'
[2020.09.09-11.30.33:069][896]LogAudioMixer: Display: Creating Master Submix 'MasterEQSubmixDefault'
[2020.09.09-11.30.33:084][896]LogInit: FAudioDevice initialized.
[2020.09.09-11.30.33:094][896]LogLoad: Game class is 'TopDownGameMode_C'
[2020.09.09-11.30.33:096][896]LogWorld: Bringing World /Temp/UEDPIE_0_Untitled_1.Untitled_1 up for play (max tick rate 0) at 2020.09.09-13.30.33
[2020.09.09-11.30.33:096][896]LogWorld: Bringing up level for play took: 0.000562
[2020.09.09-11.30.33:096][896]LogOnline: OSS: Creating online subsystem instance for: :Context_2
[2020.09.09-11.30.33:100][896]PIE: Server logged in
[2020.09.09-11.30.33:101][896]PIE: Play in editor total start time 0,083 seconds.
[2020.09.09-11.30.34:661][ 75]LogSlate: Updating window title bar state: overlay mode, drag disabled, window buttons hidden, title bar hidden
[2020.09.09-11.30.34:661][ 75]LogWorld: BeginTearingDown for /Temp/UEDPIE_0_Untitled_1
[2020.09.09-11.30.34:661][ 75]LogWorld: UWorld::CleanupWorld for Untitled_1, bSessionEnded=true, bCleanupResources=true
[2020.09.09-11.30.34:661][ 75]LogSlate: InvalidateAllWidgets triggered.  All widgets were invalidated
[2020.09.09-11.30.34:670][ 75]LogPlayLevel: Display: Shutting down PIE online subsystems
[2020.09.09-11.30.34:671][ 75]LogSlate: InvalidateAllWidgets triggered.  All widgets were invalidated
[2020.09.09-11.30.34:680][ 75]LogSlate: Updating window title bar state: overlay mode, drag disabled, window buttons hidden, title bar hidden
[2020.09.09-11.30.34:701][ 75]LogAISub: UAISubsystem::~UAISubsystem AIPerceptionSystem (000001E8AD4EA200), frame # 3075
[2020.09.09-11.30.34:702][ 75]LogAISub: UAISubsystem::~UAISubsystem EnvQueryManager (000001E8B68E7C00), frame # 3075
[2020.09.09-11.30.34:702][ 75]LogUObjectHash: Compacting FUObjectHashTables data took   0.65ms
[2020.09.09-11.30.34:736][ 78]LogPlayLevel: Display: Destroying online subsystem :Context_2
[2020.09.09-11.30.37:324][320]LogTemp: Repeating last play command: Selected Viewport
[2020.09.09-11.30.37:330][320]LogPlayLevel: PlayLevel: No blueprints needed recompiling
[2020.09.09-11.30.37:330][320]PIE: New page: PIE session: Untitled_1 (9 sep. 2020 15:30:37)
[2020.09.09-11.30.37:330][320]LogPlayLevel: Creating play world package: /Temp/UEDPIE_0_Untitled_1
[2020.09.09-11.30.37:332][320]LogPlayLevel: PIE: StaticDuplicateObject took: (0.001854s)
[2020.09.09-11.30.37:333][320]LogAIModule: Creating AISystem for world Untitled_1
[2020.09.09-11.30.37:333][320]LogAISub: UAISubsystem::UAISubsystem EnvQueryManager (000001E8D64CB800), frame # 3320
[2020.09.09-11.30.37:333][320]LogAISub: UAISubsystem::UAISubsystem AIPerceptionSystem (000001E8C7155580), frame # 3320
[2020.09.09-11.30.37:333][320]LogPlayLevel: PIE: World Init took: (0.001228s)
[2020.09.09-11.30.37:333][320]LogPlayLevel: PIE: Created PIE world by copying editor world from /Temp/Untitled_1.Untitled_1 to /Temp/UEDPIE_0_Untitled_1.Untitled_1 (0.003209s)
[2020.09.09-11.30.37:343][320]LogUObjectHash: Compacting FUObjectHashTables data took   0.64ms
[2020.09.09-11.30.37:344][320]LogAudioMixer: Display: Audio Mixer Platform Settings:
[2020.09.09-11.30.37:344][320]LogAudioMixer: Display: 	Sample Rate:						  48000
[2020.09.09-11.30.37:344][320]LogAudioMixer: Display: 	Callback Buffer Frame Size Requested: 1024
[2020.09.09-11.30.37:344][320]LogAudioMixer: Display: 	Callback Buffer Frame Size To Use:	  1024
[2020.09.09-11.30.37:344][320]LogAudioMixer: Display: 	Number of buffers to queue:			  2
[2020.09.09-11.30.37:344][320]LogAudioMixer: Display: 	Max Channels (voices):				  32
[2020.09.09-11.30.37:344][320]LogAudioMixer: Display: 	Number of Async Source Workers:		  0
[2020.09.09-11.30.37:344][320]LogAudio: Display: AudioDevice MaxSources: 32
[2020.09.09-11.30.37:344][320]LogAudio: Display: Using built-in audio occlusion.
[2020.09.09-11.30.37:344][320]LogAudioMixer: Display: Initializing audio mixer.
[2020.09.09-11.30.37:351][320]LogAudioMixer: Display: 0: FrontLeft
[2020.09.09-11.30.37:351][320]LogAudioMixer: Display: 1: FrontRight
[2020.09.09-11.30.37:379][320]LogAudioMixer: Display: Using Audio Device Högtalare (Realtek High Definition Audio)
[2020.09.09-11.30.37:379][320]LogAudioMixer: Display: Initializing Sound Submixes...
[2020.09.09-11.30.37:379][320]LogAudioMixer: Display: Creating Master Submix 'MasterSubmixDefault'
[2020.09.09-11.30.37:379][320]LogAudioMixer: Display: Creating Master Submix 'MasterReverbSubmixDefault'
[2020.09.09-11.30.37:379][320]LogAudioMixer: Display: Creating Master Submix 'MasterEQSubmixDefault'
[2020.09.09-11.30.37:395][320]LogInit: FAudioDevice initialized.
[2020.09.09-11.30.37:401][320]LogLoad: Game class is 'TopDownGameMode_C'
[2020.09.09-11.30.37:402][320]LogWorld: Bringing World /Temp/UEDPIE_0_Untitled_1.Untitled_1 up for play (max tick rate 0) at 2020.09.09-13.30.37
[2020.09.09-11.30.37:402][320]LogWorld: Bringing up level for play took: 0.000430
[2020.09.09-11.30.37:402][320]LogOnline: OSS: Creating online subsystem instance for: :Context_3
[2020.09.09-11.30.37:405][320]PIE: Server logged in
[2020.09.09-11.30.37:406][320]PIE: Play in editor total start time 0,077 seconds.
[2020.09.09-11.30.38:950][485]LogSlate: Updating window title bar state: overlay mode, drag disabled, window buttons hidden, title bar hidden
[2020.09.09-11.30.38:950][485]LogWorld: BeginTearingDown for /Temp/UEDPIE_0_Untitled_1
[2020.09.09-11.30.38:950][485]LogWorld: UWorld::CleanupWorld for Untitled_1, bSessionEnded=true, bCleanupResources=true
[2020.09.09-11.30.38:950][485]LogSlate: InvalidateAllWidgets triggered.  All widgets were invalidated
[2020.09.09-11.30.38:958][485]LogPlayLevel: Display: Shutting down PIE online subsystems
[2020.09.09-11.30.38:959][485]LogSlate: InvalidateAllWidgets triggered.  All widgets were invalidated
[2020.09.09-11.30.38:968][485]LogSlate: Updating window title bar state: overlay mode, drag disabled, window buttons hidden, title bar hidden
[2020.09.09-11.30.38:991][485]LogAISub: UAISubsystem::~UAISubsystem AIPerceptionSystem (000001E8C7155580), frame # 3485
[2020.09.09-11.30.38:991][485]LogAISub: UAISubsystem::~UAISubsystem EnvQueryManager (000001E8D64CB800), frame # 3485
[2020.09.09-11.30.38:992][485]LogUObjectHash: Compacting FUObjectHashTables data took   0.67ms
[2020.09.09-11.30.39:024][488]LogPlayLevel: Display: Destroying online subsystem :Context_3
[2020.09.09-11.31.10:280][660]LogFactory: FactoryCreateFile: Texture with ReimportTextureFactory (0 0 C:\Users\jensun\Pictures\heart.png)
[2020.09.09-11.31.10:289][660]LogTexture: Display: Building textures: heart (BGRA8, 250X250)
[2020.09.09-11.31.15:405][155]LogSlate: WidgetSwitcher ('None') active index changed to -1
[2020.09.09-11.31.15:405][155]LogSlate: WidgetSwitcher ('None') active index changed to 0
[2020.09.09-11.31.17:675][155]LogSlate: WidgetSwitcher ('None') active index changed to 1
[2020.09.09-11.31.20:285][155]LogSlate: Window 'Pick a starting point for your emitter' being destroyed
[2020.09.09-11.31.29:519][227]LogAssetEditorSubsystem: Opening Asset editor for NiagaraEmitter /Game/JensStuff/MatingEffect.MatingEffect
[2020.09.09-11.31.30:136][227]LogNiagaraEditor: Verbose: '/Engine/Transient' Precompile took 0.090879 sec.
[2020.09.09-11.31.30:136][227]LogNiagaraEditor: Verbose: Compiling System NiagaraScript /Engine/Transient.NiagaraSystem_0:SystemSpawnScript ...................................................................
[2020.09.09-11.31.30:140][227]LogNiagaraEditor: Verbose: Translating System NiagaraScript /Engine/Transient.NiagaraSystem_0:SystemSpawnScript took 0.003978 sec.
[2020.09.09-11.31.30:141][227]LogNiagaraEditor: Verbose: Compiling System NiagaraScript /Engine/Transient.NiagaraSystem_0:SystemUpdateScript ...................................................................
[2020.09.09-11.31.30:150][227]LogShaderCompilers: Display: Worker (1/3): shaders left to compile 1
[2020.09.09-11.31.30:150][227]LogNiagaraEditor: Verbose: Translating System NiagaraScript /Engine/Transient.NiagaraSystem_0:SystemUpdateScript took 0.008856 sec.
[2020.09.09-11.31.30:186][227]LogShaderCompilers: Display: Worker (2/3): shaders left to compile 1
[2020.09.09-11.31.30:186][227]24716_NiagaraSystem_0_MessageLog: System compile status dirty with 0 warning(s) and 0 error(s).
[2020.09.09-11.31.30:197][227]LogSlate: Took 0.006667 seconds to synchronously load lazily loaded font '../../../Engine/Content/Slate/Fonts/Roboto-BoldCondensed.ttf' (158K)
[2020.09.09-11.31.32:410][385]LogNiagara: Compiling System NiagaraSystem /Engine/Transient.NiagaraSystem_0 took 2.386822 sec (overall compilation time), 4.276299 sec (combined shader worker time).
[2020.09.09-11.31.32:495][386]24716_NiagaraSystem_0_MessageLog: System compile status dirty with 0 warning(s) and 0 error(s).
[2020.09.09-11.31.35:398][619]LogRenderer: Reallocating scene render targets to support 1616x936 Format 10 NumSamples 1 (Frame:365).
[2020.09.09-11.31.35:647][621]LogSlate: Window 'MatingEffect' being destroyed
[2020.09.09-11.31.44:277][580]LogMaterial: Display: Missing cached shader map for material HeartMat, compiling. 
[2020.09.09-11.31.44:364][581]LogShaderCompilers: Display: Worker (1/3): shaders left to compile 15
[2020.09.09-11.31.44:364][581]LogShaderCompilers: Display: Worker (2/3): shaders left to compile 9
[2020.09.09-11.31.44:364][581]LogShaderCompilers: Display: Worker (3/3): shaders left to compile 3
[2020.09.09-11.31.45:594][680]LogAssetEditorSubsystem: Opening Asset editor for Material /Game/JensStuff/HeartMat.HeartMat
[2020.09.09-11.31.45:617][680]LogMaterial: Display: Missing cached shader map for material HeartMat, compiling. 
[2020.09.09-11.31.45:805][680]LogMaterial: Display: Missing cached shader map for material HeartMat, compiling. 
[2020.09.09-11.31.45:823][680]LogMaterial: Display: Missing cached shader map for material FMatExpressionPreview MaterialExpressionTextureSample_0, compiling. 
[2020.09.09-11.31.46:819][772]LogShaderCompilers: Display: Worker (3/3): shaders left to compile 13
[2020.09.09-11.31.49:314][ 47]LogShaderCompilers: Display: Worker (3/3): shaders left to compile 12
[2020.09.09-11.31.49:943][115]LogMaterialEditor: Saving and Compiling material HeartMat
[2020.09.09-11.31.50:529][115]LogShaderCompilers: Display: Worker (3/3): shaders left to compile 11
[2020.09.09-11.31.51:084][115]LogShaderCompilers: Display: Worker (3/3): shaders left to compile 10
[2020.09.09-11.31.51:084][115]LogShaderCompilers: Display: Worker (1/3): shaders left to compile 9
[2020.09.09-11.31.51:305][115]LogShaderCompilers: Display: Worker (2/3): shaders left to compile 8
[2020.09.09-11.31.51:305][115]LogShaderCompilers: Display: Worker (3/3): shaders left to compile 7
[2020.09.09-11.31.51:332][115]Cmd: OBJ SAVEPACKAGE PACKAGE="/Game/JensStuff/HeartMat" FILE="../../../../../Fork/EcoSim-Week-3-Prodject/MyProject/Content/JensStuff/HeartMat.uasset" SILENT=true
[2020.09.09-11.31.51:348][115]LogSavePackage: Moving '../../../../../Fork/EcoSim-Week-3-Prodject/MyProject/Saved/HeartMat8C0FDCE44A0AA170D2B9618BD68F7934.tmp' to '../../../../../Fork/EcoSim-Week-3-Prodject/MyProject/Content/JensStuff/HeartMat.uasset'
[2020.09.09-11.31.51:386][115]AssetCheck: New page: Asset Save: HeartMat
[2020.09.09-11.31.51:386][115]LogContentValidation: Display: Validating Material /Game/JensStuff/HeartMat.HeartMat
[2020.09.09-11.31.52:070][186]LogShaderCompilers: Display: Worker (2/3): shaders left to compile 6
[2020.09.09-11.31.52:518][236]LogShaderCompilers: Display: Worker (1/3): shaders left to compile 5
[2020.09.09-11.31.52:846][273]LogShaderCompilers: Display: Worker (3/3): shaders left to compile 4
[2020.09.09-11.31.53:705][363]LogShaderCompilers: Display: Worker (2/3): shaders left to compile 3
[2020.09.09-11.31.53:841][378]LogShaderCompilers: Display: Worker (1/3): shaders left to compile 2
[2020.09.09-11.31.53:841][378]MaterialEditorStats: Base pass shader: 120 instructions
[2020.09.09-11.31.53:841][378]MaterialEditorStats: Base pass shader with Volumetric Lightmap: 194 instructions
[2020.09.09-11.31.53:841][378]MaterialEditorStats: Base pass vertex shader: 44 instructions
[2020.09.09-11.31.53:841][378]MaterialEditorStats: Texture samplers: 3/16
[2020.09.09-11.31.53:841][378]MaterialEditorStats: Texture Lookups (Est.): VS(0), PS(1)
[2020.09.09-11.31.53:841][378]MaterialEditorStats: User interpolators: 2/4 Scalars (1/4 Vectors) (TexCoords: 2, Custom: 0)
[2020.09.09-11.31.54:042][399]LogShaderCompilers: Display: Worker (3/3): shaders left to compile 1
[2020.09.09-11.31.59:275][987]LogMaterial: Display: Missing cached shader map for material HeartMat, compiling. 
[2020.09.09-11.31.59:297][987]LogShaderCompilers: Display: Worker (1/3): shaders left to compile 9
[2020.09.09-11.31.59:297][987]LogShaderCompilers: Display: Worker (2/3): shaders left to compile 8
[2020.09.09-11.31.59:297][987]LogShaderCompilers: Display: Worker (3/3): shaders left to compile 7
[2020.09.09-11.31.59:872][ 54]LogShaderCompilers: Display: Worker (3/3): shaders left to compile 6
[2020.09.09-11.32.00:321][104]LogShaderCompilers: Display: Worker (2/3): shaders left to compile 5
[2020.09.09-11.32.00:713][148]LogShaderCompilers: Display: Worker (1/3): shaders left to compile 4
[2020.09.09-11.32.01:099][192]LogShaderCompilers: Display: Worker (3/3): shaders left to compile 3
[2020.09.09-11.32.01:496][238]LogShaderCompilers: Display: Worker (1/3): shaders left to compile 2
[2020.09.09-11.32.01:522][241]LogShaderCompilers: Display: Worker (2/3): shaders left to compile 1
[2020.09.09-11.32.13:587][667]LogMaterial: Display: Missing cached shader map for material HeartMat, compiling. 
[2020.09.09-11.32.13:595][667]LogShaderCompilers: Display: Worker (1/3): shaders left to compile 9
[2020.09.09-11.32.13:595][667]LogShaderCompilers: Display: Worker (2/3): shaders left to compile 8
[2020.09.09-11.32.13:595][667]LogShaderCompilers: Display: Worker (3/3): shaders left to compile 7
[2020.09.09-11.32.14:304][734]LogShaderCompilers: Display: Worker (3/3): shaders left to compile 6
[2020.09.09-11.32.14:385][743]LogMaterial: Display: Missing cached shader map for material HeartMat, compiling. 
[2020.09.09-11.32.14:601][763]LogShaderCompilers: Display: Worker (2/3): shaders left to compile 9
[2020.09.09-11.32.14:950][804]LogShaderCompilers: Display: Worker (1/3): shaders left to compile 8
[2020.09.09-11.32.15:683][882]LogShaderCompilers: Display: Worker (3/3): shaders left to compile 7
[2020.09.09-11.32.16:411][966]LogMaterial: Display: Missing cached shader map for material HeartMat, compiling. 
[2020.09.09-11.32.16:470][969]LogShaderCompilers: Display: Worker (2/3): shaders left to compile 9
[2020.09.09-11.32.16:521][975]LogShaderCompilers: Display: Worker (1/3): shaders left to compile 8
[2020.09.09-11.32.16:720][998]LogShaderCompilers: Display: Worker (3/3): shaders left to compile 7
[2020.09.09-11.32.17:401][ 73]LogShaderCompilers: Display: Worker (3/3): shaders left to compile 6
[2020.09.09-11.32.17:502][ 85]LogShaderCompilers: Display: Worker (1/3): shaders left to compile 5
[2020.09.09-11.32.17:721][110]LogShaderCompilers: Display: Worker (2/3): shaders left to compile 4
[2020.09.09-11.32.18:352][182]LogShaderCompilers: Display: Worker (3/3): shaders left to compile 3
[2020.09.09-11.32.18:393][187]LogShaderCompilers: Display: Worker (2/3): shaders left to compile 2
[2020.09.09-11.32.18:637][215]LogShaderCompilers: Display: Worker (1/3): shaders left to compile 1
[2020.09.09-11.32.19:229][283]LogMaterial: Display: Missing cached shader map for material HeartMat, compiling. 
[2020.09.09-11.32.19:269][283]LogShaderCompilers: Display: Worker (1/3): shaders left to compile 22
[2020.09.09-11.32.19:271][283]LogMaterial: Display: Missing cached shader map for material HeartMat, compiling. 
[2020.09.09-11.32.19:286][283]LogMaterial: Display: Missing cached shader map for material HeartMat, compiling. 
[2020.09.09-11.32.19:299][283]LogShaderCompilers: Display: Worker (2/3): shaders left to compile 22
[2020.09.09-11.32.19:385][292]LogShaderCompilers: Display: Worker (3/3): shaders left to compile 21
[2020.09.09-11.32.21:262][498]LogShaderCompilers: Display: Worker (1/3): shaders left to compile 20
[2020.09.09-11.32.21:471][521]LogShaderCompilers: Display: Worker (2/3): shaders left to compile 19
[2020.09.09-11.32.21:558][531]LogMaterialEditor: Applying material HeartMat
[2020.09.09-11.32.22:157][531]LogShaderCompilers: Display: Worker (3/3): shaders left to compile 18
[2020.09.09-11.32.22:157][531]LogShaderCompilers: Display: Worker (1/3): shaders left to compile 17
[2020.09.09-11.32.22:170][531]LogMaterial: Display: Missing cached shader map for material HeartMat, compiling. 
[2020.09.09-11.32.22:260][531]LogMaterial: Display: Missing cached shader map for material HeartMat, compiling. 
[2020.09.09-11.32.22:314][531]LogUObjectHash: Compacting FUObjectHashTables data took   0.87ms
[2020.09.09-11.32.22:330][531]LogMaterial: Display: Missing cached shader map for material DebugViewMode MaterialTexCoordScale, compiling. 
[2020.09.09-11.32.22:895][531]LogShaderCompilers: Display: Worker (2/3): shaders left to compile 55
[2020.09.09-11.32.22:895][531]LogShaderCompilers: Display: Worker (3/3): shaders left to compile 54
[2020.09.09-11.32.22:895][531]LogShaderCompilers: Display: Worker (1/3): shaders left to compile 53
[2020.09.09-11.32.22:895][531]LogShaderCompilers: Display: Worker (2/3): shaders left to compile 52
[2020.09.09-11.32.23:449][531]LogShaderCompilers: Display: Worker (1/3): shaders left to compile 51
[2020.09.09-11.32.23:449][531]LogShaderCompilers: Display: Worker (3/3): shaders left to compile 50
[2020.09.09-11.32.23:449][531]LogShaderCompilers: Display: Worker (1/3): shaders left to compile 49
[2020.09.09-11.32.23:449][531]LogShaderCompilers: Display: Worker (2/3): shaders left to compile 48
[2020.09.09-11.32.24:005][531]LogShaderCompilers: Display: Worker (1/3): shaders left to compile 47
[2020.09.09-11.32.24:005][531]LogShaderCompilers: Display: Worker (3/3): shaders left to compile 46
[2020.09.09-11.32.24:005][531]LogShaderCompilers: Display: Worker (2/3): shaders left to compile 45
[2020.09.09-11.32.24:559][531]LogShaderCompilers: Display: Worker (1/3): shaders left to compile 44
[2020.09.09-11.32.24:559][531]LogShaderCompilers: Display: Worker (3/3): shaders left to compile 43
[2020.09.09-11.32.24:559][531]LogShaderCompilers: Display: Worker (3/3): shaders left to compile 42
[2020.09.09-11.32.24:559][531]LogShaderCompilers: Display: Worker (2/3): shaders left to compile 41
[2020.09.09-11.32.25:115][531]LogShaderCompilers: Display: Worker (1/3): shaders left to compile 40
[2020.09.09-11.32.25:670][531]LogShaderCompilers: Display: Worker (3/3): shaders left to compile 39
[2020.09.09-11.32.25:670][531]LogShaderCompilers: Display: Worker (1/3): shaders left to compile 38
[2020.09.09-11.32.25:670][531]LogShaderCompilers: Display: Worker (2/3): shaders left to compile 37
[2020.09.09-11.32.25:670][531]LogShaderCompilers: Display: Worker (1/3): shaders left to compile 36
[2020.09.09-11.32.25:670][531]LogShaderCompilers: Display: Worker (3/3): shaders left to compile 35
[2020.09.09-11.32.26:226][531]LogShaderCompilers: Display: Worker (2/3): shaders left to compile 34
[2020.09.09-11.32.26:226][531]LogShaderCompilers: Display: Worker (3/3): shaders left to compile 33
[2020.09.09-11.32.26:226][531]LogShaderCompilers: Display: Worker (1/3): shaders left to compile 32
[2020.09.09-11.32.26:494][531]LogShaderCompilers: Display: Worker (3/3): shaders left to compile 31
[2020.09.09-11.32.26:494][531]LogShaderCompilers: Display: Worker (1/3): shaders left to compile 21
[2020.09.09-11.32.26:510][531]TextureStreamingBuild: Display: Compiling optional shaders took 4.194 seconds.
[2020.09.09-11.32.26:532][531]LogUObjectHash: Compacting FUObjectHashTables data took   0.36ms
[2020.09.09-11.32.26:777][536]LogShaderCompilers: Display: Worker (2/3): shaders left to compile 13
[2020.09.09-11.32.36:912][614]LogShaderCompilers: Display: Worker (1/3): shaders left to compile 8
[2020.09.09-11.32.38:699][768]LogShaderCompilers: Display: Worker (2/3): shaders left to compile 5
[2020.09.09-11.32.40:269][922]LogShaderCompilers: Display: Worker (1/3): shaders left to compile 3
[2020.09.09-11.32.40:313][927]LogMaterialEditor: Saving and Compiling material HeartMat
[2020.09.09-11.32.40:895][927]LogShaderCompilers: Display: Worker (2/3): shaders left to compile 1
[2020.09.09-11.32.41:462][927]Cmd: OBJ SAVEPACKAGE PACKAGE="/Game/JensStuff/HeartMat" FILE="../../../../../Fork/EcoSim-Week-3-Prodject/MyProject/Content/JensStuff/HeartMat.uasset" SILENT=true
[2020.09.09-11.32.41:481][927]LogSavePackage: Moving '../../../../../Fork/EcoSim-Week-3-Prodject/MyProject/Saved/HeartMat0054F68847DC6330B99246B1818FCF50.tmp' to '../../../../../Fork/EcoSim-Week-3-Prodject/MyProject/Content/JensStuff/HeartMat.uasset'
[2020.09.09-11.32.41:525][927]AssetCheck: New page: Asset Save: HeartMat
[2020.09.09-11.32.41:525][927]LogContentValidation: Display: Validating Material /Game/JensStuff/HeartMat.HeartMat
[2020.09.09-11.32.41:528][927]MaterialEditorStats: Base pass shader: 76 instructions
[2020.09.09-11.32.41:528][927]MaterialEditorStats: Base pass shader with Volumetric Lightmap: 103 instructions
[2020.09.09-11.32.41:528][927]MaterialEditorStats: Base pass vertex shader: 169 instructions
[2020.09.09-11.32.41:528][927]MaterialEditorStats: Texture samplers: 4/16
[2020.09.09-11.32.41:528][927]MaterialEditorStats: Texture Lookups (Est.): VS(0), PS(1)
[2020.09.09-11.32.41:528][927]MaterialEditorStats: User interpolators: 2/4 Scalars (1/4 Vectors) (TexCoords: 2, Custom: 0)
[2020.09.09-11.32.46:810][394]LogMaterial: Display: Material /Game/JensStuff/HeartMat.HeartMat needed to have new flag set bUsedWithNiagaraSprites !
[2020.09.09-11.32.46:812][394]LogMaterial: Display: Material /Engine/Transient.HeartMat needed to have new flag set bUsedWithNiagaraSprites !
[2020.09.09-11.32.46:814][394]LogMaterial: Display: Missing cached shader map for material HeartMat, compiling. 
[2020.09.09-11.32.46:829][394]LogMaterial: Display: Missing cached shader map for material HeartMat, compiling. 
[2020.09.09-11.32.46:864][394]LogShaderCompilers: Display: Worker (1/3): shaders left to compile 22
[2020.09.09-11.32.46:864][394]LogShaderCompilers: Display: Worker (2/3): shaders left to compile 21
[2020.09.09-11.32.46:864][394]LogShaderCompilers: Display: Worker (3/3): shaders left to compile 20
[2020.09.09-11.32.48:169][503]LogShaderCompilers: Display: Worker (3/3): shaders left to compile 78
[2020.09.09-11.32.49:241][593]LogShaderCompilers: Display: Worker (1/3): shaders left to compile 77
[2020.09.09-11.32.50:489][713]LogShaderCompilers: Display: Worker (3/3): shaders left to compile 76
[2020.09.09-11.32.51:450][801]LogShaderCompilers: Display: Worker (2/3): shaders left to compile 75
[2020.09.09-11.32.52:253][870]LogShaderCompilers: Display: Worker (1/3): shaders left to compile 74
[2020.09.09-11.32.52:625][909]LogShaderCompilers: Display: Worker (2/3): shaders left to compile 73
[2020.09.09-11.32.53:305][987]LogShaderCompilers: Display: Worker (3/3): shaders left to compile 72
[2020.09.09-11.32.53:940][ 59]LogShaderCompilers: Display: Worker (2/3): shaders left to compile 71
[2020.09.09-11.32.54:079][ 75]LogShaderCompilers: Display: Worker (3/3): shaders left to compile 70
[2020.09.09-11.32.54:392][110]LogShaderCompilers: Display: Worker (1/3): shaders left to compile 69
[2020.09.09-11.32.54:786][156]LogShaderCompilers: Display: Worker (1/3): shaders left to compile 68
[2020.09.09-11.32.54:815][159]LogMaterialEditor: Saving and Compiling material HeartMat
[2020.09.09-11.32.54:841][159]Cmd: OBJ SAVEPACKAGE PACKAGE="/Game/JensStuff/HeartMat" FILE="../../../../../Fork/EcoSim-Week-3-Prodject/MyProject/Content/JensStuff/HeartMat.uasset" SILENT=true
[2020.09.09-11.32.54:852][159]LogSavePackage: Moving '../../../../../Fork/EcoSim-Week-3-Prodject/MyProject/Saved/HeartMat72AAD5DC4DE216FD2D21ADA94A248A3A.tmp' to '../../../../../Fork/EcoSim-Week-3-Prodject/MyProject/Content/JensStuff/HeartMat.uasset'
[2020.09.09-11.32.54:861][159]AssetCheck: New page: Asset Save: HeartMat
[2020.09.09-11.32.54:861][159]LogContentValidation: Display: Validating Material /Game/JensStuff/HeartMat.HeartMat
[2020.09.09-11.32.55:559][225]LogShaderCompilers: Display: Worker (2/3): shaders left to compile 67
[2020.09.09-11.32.55:577][227]LogShaderCompilers: Display: Worker (3/3): shaders left to compile 66
[2020.09.09-11.32.58:014][473]LogShaderCompilers: Display: Worker (1/3): shaders left to compile 65
[2020.09.09-11.32.58:277][497]LogShaderCompilers: Display: Worker (3/3): shaders left to compile 64
[2020.09.09-11.32.59:480][609]LogShaderCompilers: Display: Worker (2/3): shaders left to compile 63
[2020.09.09-11.33.01:329][767]LogShaderCompilers: Display: Worker (1/3): shaders left to compile 62
[2020.09.09-11.33.01:574][769]LogShaderCompilers: Display: Worker (3/3): shaders left to compile 61
[2020.09.09-11.33.01:875][776]LogShaderCompilers: Display: Worker (2/3): shaders left to compile 60
[2020.09.09-11.33.02:361][789]LogShaderCompilers: Display: Worker (3/3): shaders left to compile 59
[2020.09.09-11.33.02:411][790]LogShaderCompilers: Display: Worker (1/3): shaders left to compile 49
[2020.09.09-11.33.03:196][811]LogShaderCompilers: Display: Worker (2/3): shaders left to compile 39
[2020.09.09-11.33.08:753][953]LogShaderCompilers: Display: Worker (1/3): shaders left to compile 29
[2020.09.09-11.33.09:291][975]LogShaderCompilers: Display: Worker (3/3): shaders left to compile 19
[2020.09.09-11.33.10:361][  0]LogShaderCompilers: Display: Worker (2/3): shaders left to compile 12
[2020.09.09-11.33.13:789][ 73]LogShaderCompilers: Display: Worker (3/3): shaders left to compile 7
[2020.09.09-11.33.16:127][125]LogShaderCompilers: Display: Worker (3/3): shaders left to compile 4
[2020.09.09-11.33.16:804][141]LogShaderCompilers: Display: Worker (2/3): shaders left to compile 2
[2020.09.09-11.33.17:377][158]LogShaderCompilers: Display: Worker (1/3): shaders left to compile 1
[2020.09.09-11.33.18:256][198]MaterialEditorStats: Base pass shader: 76 instructions
[2020.09.09-11.33.18:256][198]MaterialEditorStats: Base pass shader with Volumetric Lightmap: 103 instructions
[2020.09.09-11.33.18:257][198]MaterialEditorStats: Base pass vertex shader: 169 instructions
[2020.09.09-11.33.18:257][198]MaterialEditorStats: Texture samplers: 4/16
[2020.09.09-11.33.18:257][198]MaterialEditorStats: Texture Lookups (Est.): VS(0), PS(1)
[2020.09.09-11.33.18:257][198]MaterialEditorStats: User interpolators: 2/4 Scalars (1/4 Vectors) (TexCoords: 2, Custom: 0)
[2020.09.09-11.35.24:569][575]LogAudioMixer: Display: Audio Buffer Underrun detected.
[2020.09.09-11.35.38:396][616]LogAudioMixer: Display: Audio Buffer Underrun detected.
